<?xml version="1.0" encoding="UTF-8"?>
<testsuite xmlns:xsi="http://www.w3.org/2001/XMLSchema-instance" xsi:noNamespaceSchemaLocation="https://maven.apache.org/surefire/maven-surefire-plugin/xsd/surefire-test-report-3.0.xsd" version="3.0" name="TestSuite" time="31.039" tests="2" errors="0" skipped="0" failures="2">
  <properties>
    <property name="java.specification.version" value="20"/>
    <property name="sun.jnu.encoding" value="UTF-8"/>
    <property name="java.class.path" value="/opt/homebrew/Cellar/maven/3.9.1/libexec/boot/plexus-classworlds-2.6.0.jar"/>
    <property name="java.vm.vendor" value="Homebrew"/>
    <property name="sun.arch.data.model" value="64"/>
    <property name="java.vendor.url" value="https://github.com/Homebrew/homebrew-core/issues"/>
    <property name="user.timezone" value="Asia/Kolkata"/>
    <property name="maven.conf" value="/opt/homebrew/Cellar/maven/3.9.1/libexec/conf"/>
    <property name="java.vm.specification.version" value="20"/>
    <property name="os.name" value="Mac OS X"/>
    <property name="jdk.lang.Process.launchMechanism" value="POSIX_SPAWN"/>
    <property name="sun.java.launcher" value="SUN_STANDARD"/>
    <property name="user.country" value="IN"/>
    <property name="sun.boot.library.path" value="/opt/homebrew/Cellar/openjdk/20/libexec/openjdk.jdk/Contents/Home/lib"/>
    <property name="sun.java.command" value="org.codehaus.plexus.classworlds.launcher.Launcher clean install -DksipTests"/>
    <property name="http.nonProxyHosts" value="local|*.local|169.254/16|*.169.254/16"/>
    <property name="jdk.debug" value="release"/>
    <property name="maven.home" value="/opt/homebrew/Cellar/maven/3.9.1/libexec"/>
    <property name="surefire.test.class.path" value="/Users/rohitjain/workplace/PlatformAutomation/target/test-classes:/Users/rohitjain/workplace/PlatformAutomation/target/classes:/Users/rohitjain/.m2/repository/org/testng/testng/7.7.0/testng-7.7.0.jar:/Users/rohitjain/.m2/repository/com/beust/jcommander/1.82/jcommander-1.82.jar:/Users/rohitjain/.m2/repository/org/webjars/jquery/3.6.1/jquery-3.6.1.jar:/Users/rohitjain/.m2/repository/io/rest-assured/rest-assured/5.3.0/rest-assured-5.3.0.jar:/Users/rohitjain/.m2/repository/org/apache/groovy/groovy/4.0.6/groovy-4.0.6.jar:/Users/rohitjain/.m2/repository/org/apache/groovy/groovy-xml/4.0.6/groovy-xml-4.0.6.jar:/Users/rohitjain/.m2/repository/org/apache/httpcomponents/httpclient/4.5.13/httpclient-4.5.13.jar:/Users/rohitjain/.m2/repository/org/apache/httpcomponents/httpcore/4.4.13/httpcore-4.4.13.jar:/Users/rohitjain/.m2/repository/commons-logging/commons-logging/1.2/commons-logging-1.2.jar:/Users/rohitjain/.m2/repository/commons-codec/commons-codec/1.11/commons-codec-1.11.jar:/Users/rohitjain/.m2/repository/org/apache/httpcomponents/httpmime/4.5.13/httpmime-4.5.13.jar:/Users/rohitjain/.m2/repository/org/hamcrest/hamcrest/2.1/hamcrest-2.1.jar:/Users/rohitjain/.m2/repository/org/ccil/cowan/tagsoup/tagsoup/1.2.1/tagsoup-1.2.1.jar:/Users/rohitjain/.m2/repository/io/rest-assured/json-path/5.3.0/json-path-5.3.0.jar:/Users/rohitjain/.m2/repository/org/apache/groovy/groovy-json/4.0.6/groovy-json-4.0.6.jar:/Users/rohitjain/.m2/repository/io/rest-assured/rest-assured-common/5.3.0/rest-assured-common-5.3.0.jar:/Users/rohitjain/.m2/repository/io/rest-assured/xml-path/5.3.0/xml-path-5.3.0.jar:/Users/rohitjain/.m2/repository/com/amazonaws/aws-java-sdk/1.11.1000/aws-java-sdk-1.11.1000.jar:/Users/rohitjain/.m2/repository/com/amazonaws/aws-java-sdk-lookoutequipment/1.11.1000/aws-java-sdk-lookoutequipment-1.11.1000.jar:/Users/rohitjain/.m2/repository/com/amazonaws/jmespath-java/1.11.1000/jmespath-java-1.11.1000.jar:/Users/rohitjain/.m2/repository/com/amazonaws/aws-java-sdk-mgn/1.11.1000/aws-java-sdk-mgn-1.11.1000.jar:/Users/rohitjain/.m2/repository/com/amazonaws/aws-java-sdk-lookoutmetrics/1.11.1000/aws-java-sdk-lookoutmetrics-1.11.1000.jar:/Users/rohitjain/.m2/repository/com/amazonaws/aws-java-sdk-fis/1.11.1000/aws-java-sdk-fis-1.11.1000.jar:/Users/rohitjain/.m2/repository/com/amazonaws/aws-java-sdk-lexmodelsv2/1.11.1000/aws-java-sdk-lexmodelsv2-1.11.1000.jar:/Users/rohitjain/.m2/repository/com/amazonaws/aws-java-sdk-lexruntimev2/1.11.1000/aws-java-sdk-lexruntimev2-1.11.1000.jar:/Users/rohitjain/.m2/repository/com/amazonaws/aws-java-sdk-wellarchitected/1.11.1000/aws-java-sdk-wellarchitected-1.11.1000.jar:/Users/rohitjain/.m2/repository/com/amazonaws/aws-java-sdk-location/1.11.1000/aws-java-sdk-location-1.11.1000.jar:/Users/rohitjain/.m2/repository/com/amazonaws/aws-java-sdk-iotdeviceadvisor/1.11.1000/aws-java-sdk-iotdeviceadvisor-1.11.1000.jar:/Users/rohitjain/.m2/repository/com/amazonaws/aws-java-sdk-iotfleethub/1.11.1000/aws-java-sdk-iotfleethub-1.11.1000.jar:/Users/rohitjain/.m2/repository/com/amazonaws/aws-java-sdk-iotwireless/1.11.1000/aws-java-sdk-iotwireless-1.11.1000.jar:/Users/rohitjain/.m2/repository/com/amazonaws/aws-java-sdk-greengrassv2/1.11.1000/aws-java-sdk-greengrassv2-1.11.1000.jar:/Users/rohitjain/.m2/repository/com/amazonaws/aws-java-sdk-prometheus/1.11.1000/aws-java-sdk-prometheus-1.11.1000.jar:/Users/rohitjain/.m2/repository/com/amazonaws/aws-java-sdk-auditmanager/1.11.1000/aws-java-sdk-auditmanager-1.11.1000.jar:/Users/rohitjain/.m2/repository/com/amazonaws/aws-java-sdk-healthlake/1.11.1000/aws-java-sdk-healthlake-1.11.1000.jar:/Users/rohitjain/.m2/repository/com/amazonaws/aws-java-sdk-sagemakeredgemanager/1.11.1000/aws-java-sdk-sagemakeredgemanager-1.11.1000.jar:/Users/rohitjain/.m2/repository/com/amazonaws/aws-java-sdk-emrcontainers/1.11.1000/aws-java-sdk-emrcontainers-1.11.1000.jar:/Users/rohitjain/.m2/repository/com/amazonaws/aws-java-sdk-customerprofiles/1.11.1000/aws-java-sdk-customerprofiles-1.11.1000.jar:/Users/rohitjain/.m2/repository/com/amazonaws/aws-java-sdk-lookoutforvision/1.11.1000/aws-java-sdk-lookoutforvision-1.11.1000.jar:/Users/rohitjain/.m2/repository/com/amazonaws/aws-java-sdk-connectcontactlens/1.11.1000/aws-java-sdk-connectcontactlens-1.11.1000.jar:/Users/rohitjain/.m2/repository/com/amazonaws/aws-java-sdk-amplifybackend/1.11.1000/aws-java-sdk-amplifybackend-1.11.1000.jar:/Users/rohitjain/.m2/repository/com/amazonaws/aws-java-sdk-ecrpublic/1.11.1000/aws-java-sdk-ecrpublic-1.11.1000.jar:/Users/rohitjain/.m2/repository/com/amazonaws/aws-java-sdk-appintegrations/1.11.1000/aws-java-sdk-appintegrations-1.11.1000.jar:/Users/rohitjain/.m2/repository/com/amazonaws/aws-java-sdk-sagemakerfeaturestoreruntime/1.11.1000/aws-java-sdk-sagemakerfeaturestoreruntime-1.11.1000.jar:/Users/rohitjain/.m2/repository/com/amazonaws/aws-java-sdk-devopsguru/1.11.1000/aws-java-sdk-devopsguru-1.11.1000.jar:/Users/rohitjain/.m2/repository/com/amazonaws/aws-java-sdk-mwaa/1.11.1000/aws-java-sdk-mwaa-1.11.1000.jar:/Users/rohitjain/.m2/repository/com/amazonaws/aws-java-sdk-networkfirewall/1.11.1000/aws-java-sdk-networkfirewall-1.11.1000.jar:/Users/rohitjain/.m2/repository/com/amazonaws/aws-java-sdk-appregistry/1.11.1000/aws-java-sdk-appregistry-1.11.1000.jar:/Users/rohitjain/.m2/repository/com/amazonaws/aws-java-sdk-gluedatabrew/1.11.1000/aws-java-sdk-gluedatabrew-1.11.1000.jar:/Users/rohitjain/.m2/repository/com/amazonaws/aws-java-sdk-s3outposts/1.11.1000/aws-java-sdk-s3outposts-1.11.1000.jar:/Users/rohitjain/.m2/repository/com/amazonaws/aws-java-sdk-timestreamquery/1.11.1000/aws-java-sdk-timestreamquery-1.11.1000.jar:/Users/rohitjain/.m2/repository/com/amazonaws/aws-java-sdk-timestreamwrite/1.11.1000/aws-java-sdk-timestreamwrite-1.11.1000.jar:/Users/rohitjain/.m2/repository/com/amazonaws/aws-java-sdk-ssoadmin/1.11.1000/aws-java-sdk-ssoadmin-1.11.1000.jar:/Users/rohitjain/.m2/repository/com/amazonaws/aws-java-sdk-redshiftdataapi/1.11.1000/aws-java-sdk-redshiftdataapi-1.11.1000.jar:/Users/rohitjain/.m2/repository/com/amazonaws/aws-java-sdk-appflow/1.11.1000/aws-java-sdk-appflow-1.11.1000.jar:/Users/rohitjain/.m2/repository/com/amazonaws/aws-java-sdk-identitystore/1.11.1000/aws-java-sdk-identitystore-1.11.1000.jar:/Users/rohitjain/.m2/repository/com/amazonaws/aws-java-sdk-braket/1.11.1000/aws-java-sdk-braket-1.11.1000.jar:/Users/rohitjain/.m2/repository/com/amazonaws/aws-java-sdk-ivs/1.11.1000/aws-java-sdk-ivs-1.11.1000.jar:/Users/rohitjain/.m2/repository/com/amazonaws/aws-java-sdk-honeycode/1.11.1000/aws-java-sdk-honeycode-1.11.1000.jar:/Users/rohitjain/.m2/repository/com/amazonaws/aws-java-sdk-codeartifact/1.11.1000/aws-java-sdk-codeartifact-1.11.1000.jar:/Users/rohitjain/.m2/repository/com/amazonaws/aws-java-sdk-macie2/1.11.1000/aws-java-sdk-macie2-1.11.1000.jar:/Users/rohitjain/.m2/repository/com/amazonaws/aws-java-sdk-iotsitewise/1.11.1000/aws-java-sdk-iotsitewise-1.11.1000.jar:/Users/rohitjain/.m2/repository/com/amazonaws/aws-java-sdk-synthetics/1.11.1000/aws-java-sdk-synthetics-1.11.1000.jar:/Users/rohitjain/.m2/repository/com/amazonaws/aws-java-sdk-codestarconnections/1.11.1000/aws-java-sdk-codestarconnections-1.11.1000.jar:/Users/rohitjain/.m2/repository/com/amazonaws/aws-java-sdk-detective/1.11.1000/aws-java-sdk-detective-1.11.1000.jar:/Users/rohitjain/.m2/repository/com/amazonaws/aws-java-sdk-kinesisvideosignalingchannels/1.11.1000/aws-java-sdk-kinesisvideosignalingchannels-1.11.1000.jar:/Users/rohitjain/.m2/repository/com/amazonaws/aws-java-sdk-ebs/1.11.1000/aws-java-sdk-ebs-1.11.1000.jar:/Users/rohitjain/.m2/repository/com/amazonaws/aws-java-sdk-augmentedairuntime/1.11.1000/aws-java-sdk-augmentedairuntime-1.11.1000.jar:/Users/rohitjain/.m2/repository/com/amazonaws/aws-java-sdk-outposts/1.11.1000/aws-java-sdk-outposts-1.11.1000.jar:/Users/rohitjain/.m2/repository/com/amazonaws/aws-java-sdk-codeguruprofiler/1.11.1000/aws-java-sdk-codeguruprofiler-1.11.1000.jar:/Users/rohitjain/.m2/repository/com/amazonaws/aws-java-sdk-codegurureviewer/1.11.1000/aws-java-sdk-codegurureviewer-1.11.1000.jar:/Users/rohitjain/.m2/repository/com/amazonaws/aws-java-sdk-frauddetector/1.11.1000/aws-java-sdk-frauddetector-1.11.1000.jar:/Users/rohitjain/.m2/repository/com/amazonaws/aws-java-sdk-kendra/1.11.1000/aws-java-sdk-kendra-1.11.1000.jar:/Users/rohitjain/.m2/repository/com/amazonaws/aws-java-sdk-networkmanager/1.11.1000/aws-java-sdk-networkmanager-1.11.1000.jar:/Users/rohitjain/.m2/repository/com/amazonaws/aws-java-sdk-computeoptimizer/1.11.1000/aws-java-sdk-computeoptimizer-1.11.1000.jar:/Users/rohitjain/.m2/repository/com/amazonaws/aws-java-sdk-accessanalyzer/1.11.1000/aws-java-sdk-accessanalyzer-1.11.1000.jar:/Users/rohitjain/.m2/repository/com/amazonaws/aws-java-sdk-schemas/1.11.1000/aws-java-sdk-schemas-1.11.1000.jar:/Users/rohitjain/.m2/repository/com/amazonaws/aws-java-sdk-imagebuilder/1.11.1000/aws-java-sdk-imagebuilder-1.11.1000.jar:/Users/rohitjain/.m2/repository/com/amazonaws/aws-java-sdk-elasticinference/1.11.1000/aws-java-sdk-elasticinference-1.11.1000.jar:/Users/rohitjain/.m2/repository/com/amazonaws/aws-java-sdk-iotsecuretunneling/1.11.1000/aws-java-sdk-iotsecuretunneling-1.11.1000.jar:/Users/rohitjain/.m2/repository/com/amazonaws/aws-java-sdk-appconfig/1.11.1000/aws-java-sdk-appconfig-1.11.1000.jar:/Users/rohitjain/.m2/repository/com/amazonaws/aws-java-sdk-wafv2/1.11.1000/aws-java-sdk-wafv2-1.11.1000.jar:/Users/rohitjain/.m2/repository/com/amazonaws/aws-java-sdk-connectparticipant/1.11.1000/aws-java-sdk-connectparticipant-1.11.1000.jar:/Users/rohitjain/.m2/repository/com/amazonaws/aws-java-sdk-migrationhubconfig/1.11.1000/aws-java-sdk-migrationhubconfig-1.11.1000.jar:/Users/rohitjain/.m2/repository/com/amazonaws/aws-java-sdk-dataexchange/1.11.1000/aws-java-sdk-dataexchange-1.11.1000.jar:/Users/rohitjain/.m2/repository/com/amazonaws/aws-java-sdk-sesv2/1.11.1000/aws-java-sdk-sesv2-1.11.1000.jar:/Users/rohitjain/.m2/repository/com/amazonaws/aws-java-sdk-marketplacecatalog/1.11.1000/aws-java-sdk-marketplacecatalog-1.11.1000.jar:/Users/rohitjain/.m2/repository/com/amazonaws/aws-java-sdk-ssooidc/1.11.1000/aws-java-sdk-ssooidc-1.11.1000.jar:/Users/rohitjain/.m2/repository/com/amazonaws/aws-java-sdk-sso/1.11.1000/aws-java-sdk-sso-1.11.1000.jar:/Users/rohitjain/.m2/repository/com/amazonaws/aws-java-sdk-savingsplans/1.11.1000/aws-java-sdk-savingsplans-1.11.1000.jar:/Users/rohitjain/.m2/repository/com/amazonaws/aws-java-sdk-codestarnotifications/1.11.1000/aws-java-sdk-codestarnotifications-1.11.1000.jar:/Users/rohitjain/.m2/repository/com/amazonaws/aws-java-sdk-workmailmessageflow/1.11.1000/aws-java-sdk-workmailmessageflow-1.11.1000.jar:/Users/rohitjain/.m2/repository/com/amazonaws/aws-java-sdk-qldbsession/1.11.1000/aws-java-sdk-qldbsession-1.11.1000.jar:/Users/rohitjain/.m2/repository/com/amazonaws/aws-java-sdk-qldb/1.11.1000/aws-java-sdk-qldb-1.11.1000.jar:/Users/rohitjain/.m2/repository/com/amazonaws/aws-java-sdk-forecastquery/1.11.1000/aws-java-sdk-forecastquery-1.11.1000.jar:/Users/rohitjain/.m2/repository/com/amazonaws/aws-java-sdk-forecast/1.11.1000/aws-java-sdk-forecast-1.11.1000.jar:/Users/rohitjain/.m2/repository/com/amazonaws/aws-java-sdk-lakeformation/1.11.1000/aws-java-sdk-lakeformation-1.11.1000.jar:/Users/rohitjain/.m2/repository/com/amazonaws/aws-java-sdk-eventbridge/1.11.1000/aws-java-sdk-eventbridge-1.11.1000.jar:/Users/rohitjain/.m2/repository/com/amazonaws/aws-java-sdk-ec2instanceconnect/1.11.1000/aws-java-sdk-ec2instanceconnect-1.11.1000.jar:/Users/rohitjain/.m2/repository/com/amazonaws/aws-java-sdk-applicationinsights/1.11.1000/aws-java-sdk-applicationinsights-1.11.1000.jar:/Users/rohitjain/.m2/repository/com/amazonaws/aws-java-sdk-servicequotas/1.11.1000/aws-java-sdk-servicequotas-1.11.1000.jar:/Users/rohitjain/.m2/repository/com/amazonaws/aws-java-sdk-personalizeevents/1.11.1000/aws-java-sdk-personalizeevents-1.11.1000.jar:/Users/rohitjain/.m2/repository/com/amazonaws/aws-java-sdk-personalize/1.11.1000/aws-java-sdk-personalize-1.11.1000.jar:/Users/rohitjain/.m2/repository/com/amazonaws/aws-java-sdk-personalizeruntime/1.11.1000/aws-java-sdk-personalizeruntime-1.11.1000.jar:/Users/rohitjain/.m2/repository/com/amazonaws/aws-java-sdk-ioteventsdata/1.11.1000/aws-java-sdk-ioteventsdata-1.11.1000.jar:/Users/rohitjain/.m2/repository/com/amazonaws/aws-java-sdk-iotevents/1.11.1000/aws-java-sdk-iotevents-1.11.1000.jar:/Users/rohitjain/.m2/repository/com/amazonaws/aws-java-sdk-iotthingsgraph/1.11.1000/aws-java-sdk-iotthingsgraph-1.11.1000.jar:/Users/rohitjain/.m2/repository/com/amazonaws/aws-java-sdk-groundstation/1.11.1000/aws-java-sdk-groundstation-1.11.1000.jar:/Users/rohitjain/.m2/repository/com/amazonaws/aws-java-sdk-mediapackagevod/1.11.1000/aws-java-sdk-mediapackagevod-1.11.1000.jar:/Users/rohitjain/.m2/repository/com/amazonaws/aws-java-sdk-managedblockchain/1.11.1000/aws-java-sdk-managedblockchain-1.11.1000.jar:/Users/rohitjain/.m2/repository/com/amazonaws/aws-java-sdk-textract/1.11.1000/aws-java-sdk-textract-1.11.1000.jar:/Users/rohitjain/.m2/repository/com/amazonaws/aws-java-sdk-worklink/1.11.1000/aws-java-sdk-worklink-1.11.1000.jar:/Users/rohitjain/.m2/repository/com/amazonaws/aws-java-sdk-backup/1.11.1000/aws-java-sdk-backup-1.11.1000.jar:/Users/rohitjain/.m2/repository/com/amazonaws/aws-java-sdk-docdb/1.11.1000/aws-java-sdk-docdb-1.11.1000.jar:/Users/rohitjain/.m2/repository/com/amazonaws/aws-java-sdk-apigatewayv2/1.11.1000/aws-java-sdk-apigatewayv2-1.11.1000.jar:/Users/rohitjain/.m2/repository/com/amazonaws/aws-java-sdk-apigatewaymanagementapi/1.11.1000/aws-java-sdk-apigatewaymanagementapi-1.11.1000.jar:/Users/rohitjain/.m2/repository/com/amazonaws/aws-java-sdk-kafka/1.11.1000/aws-java-sdk-kafka-1.11.1000.jar:/Users/rohitjain/.m2/repository/com/amazonaws/aws-java-sdk-appmesh/1.11.1000/aws-java-sdk-appmesh-1.11.1000.jar:/Users/rohitjain/.m2/repository/com/amazonaws/aws-java-sdk-licensemanager/1.11.1000/aws-java-sdk-licensemanager-1.11.1000.jar:/Users/rohitjain/.m2/repository/com/amazonaws/aws-java-sdk-securityhub/1.11.1000/aws-java-sdk-securityhub-1.11.1000.jar:/Users/rohitjain/.m2/repository/com/amazonaws/aws-java-sdk-fsx/1.11.1000/aws-java-sdk-fsx-1.11.1000.jar:/Users/rohitjain/.m2/repository/com/amazonaws/aws-java-sdk-mediaconnect/1.11.1000/aws-java-sdk-mediaconnect-1.11.1000.jar:/Users/rohitjain/.m2/repository/com/amazonaws/aws-java-sdk-kinesisanalyticsv2/1.11.1000/aws-java-sdk-kinesisanalyticsv2-1.11.1000.jar:/Users/rohitjain/.m2/repository/com/amazonaws/aws-java-sdk-comprehendmedical/1.11.1000/aws-java-sdk-comprehendmedical-1.11.1000.jar:/Users/rohitjain/.m2/repository/com/amazonaws/aws-java-sdk-globalaccelerator/1.11.1000/aws-java-sdk-globalaccelerator-1.11.1000.jar:/Users/rohitjain/.m2/repository/com/amazonaws/aws-java-sdk-transfer/1.11.1000/aws-java-sdk-transfer-1.11.1000.jar:/Users/rohitjain/.m2/repository/com/amazonaws/aws-java-sdk-datasync/1.11.1000/aws-java-sdk-datasync-1.11.1000.jar:/Users/rohitjain/.m2/repository/com/amazonaws/aws-java-sdk-robomaker/1.11.1000/aws-java-sdk-robomaker-1.11.1000.jar:/Users/rohitjain/.m2/repository/com/amazonaws/aws-java-sdk-amplify/1.11.1000/aws-java-sdk-amplify-1.11.1000.jar:/Users/rohitjain/.m2/repository/com/amazonaws/aws-java-sdk-quicksight/1.11.1000/aws-java-sdk-quicksight-1.11.1000.jar:/Users/rohitjain/.m2/repository/com/amazonaws/aws-java-sdk-rdsdata/1.11.1000/aws-java-sdk-rdsdata-1.11.1000.jar:/Users/rohitjain/.m2/repository/com/amazonaws/aws-java-sdk-route53resolver/1.11.1000/aws-java-sdk-route53resolver-1.11.1000.jar:/Users/rohitjain/.m2/repository/com/amazonaws/aws-java-sdk-ram/1.11.1000/aws-java-sdk-ram-1.11.1000.jar:/Users/rohitjain/.m2/repository/com/amazonaws/aws-java-sdk-s3control/1.11.1000/aws-java-sdk-s3control-1.11.1000.jar:/Users/rohitjain/.m2/repository/com/amazonaws/aws-java-sdk-pinpointsmsvoice/1.11.1000/aws-java-sdk-pinpointsmsvoice-1.11.1000.jar:/Users/rohitjain/.m2/repository/com/amazonaws/aws-java-sdk-pinpointemail/1.11.1000/aws-java-sdk-pinpointemail-1.11.1000.jar:/Users/rohitjain/.m2/repository/com/amazonaws/aws-java-sdk-chime/1.11.1000/aws-java-sdk-chime-1.11.1000.jar:/Users/rohitjain/.m2/repository/com/amazonaws/aws-java-sdk-signer/1.11.1000/aws-java-sdk-signer-1.11.1000.jar:/Users/rohitjain/.m2/repository/com/amazonaws/aws-java-sdk-dlm/1.11.1000/aws-java-sdk-dlm-1.11.1000.jar:/Users/rohitjain/.m2/repository/com/amazonaws/aws-java-sdk-macie/1.11.1000/aws-java-sdk-macie-1.11.1000.jar:/Users/rohitjain/.m2/repository/com/amazonaws/aws-java-sdk-eks/1.11.1000/aws-java-sdk-eks-1.11.1000.jar:/Users/rohitjain/.m2/repository/com/amazonaws/aws-java-sdk-mediatailor/1.11.1000/aws-java-sdk-mediatailor-1.11.1000.jar:/Users/rohitjain/.m2/repository/com/amazonaws/aws-java-sdk-neptune/1.11.1000/aws-java-sdk-neptune-1.11.1000.jar:/Users/rohitjain/.m2/repository/com/amazonaws/aws-java-sdk-pi/1.11.1000/aws-java-sdk-pi-1.11.1000.jar:/Users/rohitjain/.m2/repository/com/amazonaws/aws-java-sdk-iot1clickprojects/1.11.1000/aws-java-sdk-iot1clickprojects-1.11.1000.jar:/Users/rohitjain/.m2/repository/com/amazonaws/aws-java-sdk-iot1clickdevices/1.11.1000/aws-java-sdk-iot1clickdevices-1.11.1000.jar:/Users/rohitjain/.m2/repository/com/amazonaws/aws-java-sdk-iotanalytics/1.11.1000/aws-java-sdk-iotanalytics-1.11.1000.jar:/Users/rohitjain/.m2/repository/com/amazonaws/aws-java-sdk-acmpca/1.11.1000/aws-java-sdk-acmpca-1.11.1000.jar:/Users/rohitjain/.m2/repository/com/amazonaws/aws-java-sdk-secretsmanager/1.11.1000/aws-java-sdk-secretsmanager-1.11.1000.jar:/Users/rohitjain/.m2/repository/com/amazonaws/aws-java-sdk-fms/1.11.1000/aws-java-sdk-fms-1.11.1000.jar:/Users/rohitjain/.m2/repository/com/amazonaws/aws-java-sdk-connect/1.11.1000/aws-java-sdk-connect-1.11.1000.jar:/Users/rohitjain/.m2/repository/com/amazonaws/aws-java-sdk-transcribe/1.11.1000/aws-java-sdk-transcribe-1.11.1000.jar:/Users/rohitjain/.m2/repository/com/amazonaws/aws-java-sdk-autoscalingplans/1.11.1000/aws-java-sdk-autoscalingplans-1.11.1000.jar:/Users/rohitjain/.m2/repository/com/amazonaws/aws-java-sdk-workmail/1.11.1000/aws-java-sdk-workmail-1.11.1000.jar:/Users/rohitjain/.m2/repository/com/amazonaws/aws-java-sdk-servicediscovery/1.11.1000/aws-java-sdk-servicediscovery-1.11.1000.jar:/Users/rohitjain/.m2/repository/com/amazonaws/aws-java-sdk-cloud9/1.11.1000/aws-java-sdk-cloud9-1.11.1000.jar:/Users/rohitjain/.m2/repository/com/amazonaws/aws-java-sdk-serverlessapplicationrepository/1.11.1000/aws-java-sdk-serverlessapplicationrepository-1.11.1000.jar:/Users/rohitjain/.m2/repository/com/amazonaws/aws-java-sdk-alexaforbusiness/1.11.1000/aws-java-sdk-alexaforbusiness-1.11.1000.jar:/Users/rohitjain/.m2/repository/com/amazonaws/aws-java-sdk-resourcegroups/1.11.1000/aws-java-sdk-resourcegroups-1.11.1000.jar:/Users/rohitjain/.m2/repository/com/amazonaws/aws-java-sdk-comprehend/1.11.1000/aws-java-sdk-comprehend-1.11.1000.jar:/Users/rohitjain/.m2/repository/com/amazonaws/aws-java-sdk-translate/1.11.1000/aws-java-sdk-translate-1.11.1000.jar:/Users/rohitjain/.m2/repository/com/amazonaws/aws-java-sdk-sagemaker/1.11.1000/aws-java-sdk-sagemaker-1.11.1000.jar:/Users/rohitjain/.m2/repository/com/amazonaws/aws-java-sdk-iotjobsdataplane/1.11.1000/aws-java-sdk-iotjobsdataplane-1.11.1000.jar:/Users/rohitjain/.m2/repository/com/amazonaws/aws-java-sdk-sagemakerruntime/1.11.1000/aws-java-sdk-sagemakerruntime-1.11.1000.jar:/Users/rohitjain/.m2/repository/com/amazonaws/aws-java-sdk-kinesisvideo/1.11.1000/aws-java-sdk-kinesisvideo-1.11.1000.jar:/Users/rohitjain/.m2/repository/io/netty/netty-codec-http/4.1.61.Final/netty-codec-http-4.1.61.Final.jar:/Users/rohitjain/.m2/repository/io/netty/netty-common/4.1.61.Final/netty-common-4.1.61.Final.jar:/Users/rohitjain/.m2/repository/io/netty/netty-buffer/4.1.61.Final/netty-buffer-4.1.61.Final.jar:/Users/rohitjain/.m2/repository/io/netty/netty-transport/4.1.61.Final/netty-transport-4.1.61.Final.jar:/Users/rohitjain/.m2/repository/io/netty/netty-codec/4.1.61.Final/netty-codec-4.1.61.Final.jar:/Users/rohitjain/.m2/repository/io/netty/netty-handler/4.1.61.Final/netty-handler-4.1.61.Final.jar:/Users/rohitjain/.m2/repository/io/netty/netty-resolver/4.1.61.Final/netty-resolver-4.1.61.Final.jar:/Users/rohitjain/.m2/repository/com/amazonaws/aws-java-sdk-appsync/1.11.1000/aws-java-sdk-appsync-1.11.1000.jar:/Users/rohitjain/.m2/repository/com/amazonaws/aws-java-sdk-guardduty/1.11.1000/aws-java-sdk-guardduty-1.11.1000.jar:/Users/rohitjain/.m2/repository/com/amazonaws/aws-java-sdk-mq/1.11.1000/aws-java-sdk-mq-1.11.1000.jar:/Users/rohitjain/.m2/repository/com/amazonaws/aws-java-sdk-mediaconvert/1.11.1000/aws-java-sdk-mediaconvert-1.11.1000.jar:/Users/rohitjain/.m2/repository/com/amazonaws/aws-java-sdk-mediastore/1.11.1000/aws-java-sdk-mediastore-1.11.1000.jar:/Users/rohitjain/.m2/repository/com/amazonaws/aws-java-sdk-mediastoredata/1.11.1000/aws-java-sdk-mediastoredata-1.11.1000.jar:/Users/rohitjain/.m2/repository/com/amazonaws/aws-java-sdk-medialive/1.11.1000/aws-java-sdk-medialive-1.11.1000.jar:/Users/rohitjain/.m2/repository/com/amazonaws/aws-java-sdk-mediapackage/1.11.1000/aws-java-sdk-mediapackage-1.11.1000.jar:/Users/rohitjain/.m2/repository/com/amazonaws/aws-java-sdk-costexplorer/1.11.1000/aws-java-sdk-costexplorer-1.11.1000.jar:/Users/rohitjain/.m2/repository/com/amazonaws/aws-java-sdk-pricing/1.11.1000/aws-java-sdk-pricing-1.11.1000.jar:/Users/rohitjain/.m2/repository/com/amazonaws/aws-java-sdk-mobile/1.11.1000/aws-java-sdk-mobile-1.11.1000.jar:/Users/rohitjain/.m2/repository/com/amazonaws/aws-java-sdk-cloudhsmv2/1.11.1000/aws-java-sdk-cloudhsmv2-1.11.1000.jar:/Users/rohitjain/.m2/repository/com/amazonaws/aws-java-sdk-glue/1.11.1000/aws-java-sdk-glue-1.11.1000.jar:/Users/rohitjain/.m2/repository/com/amazonaws/aws-java-sdk-migrationhub/1.11.1000/aws-java-sdk-migrationhub-1.11.1000.jar:/Users/rohitjain/.m2/repository/com/amazonaws/aws-java-sdk-dax/1.11.1000/aws-java-sdk-dax-1.11.1000.jar:/Users/rohitjain/.m2/repository/com/amazonaws/aws-java-sdk-greengrass/1.11.1000/aws-java-sdk-greengrass-1.11.1000.jar:/Users/rohitjain/.m2/repository/com/amazonaws/aws-java-sdk-athena/1.11.1000/aws-java-sdk-athena-1.11.1000.jar:/Users/rohitjain/.m2/repository/com/amazonaws/aws-java-sdk-marketplaceentitlement/1.11.1000/aws-java-sdk-marketplaceentitlement-1.11.1000.jar:/Users/rohitjain/.m2/repository/com/amazonaws/aws-java-sdk-codestar/1.11.1000/aws-java-sdk-codestar-1.11.1000.jar:/Users/rohitjain/.m2/repository/com/amazonaws/aws-java-sdk-lexmodelbuilding/1.11.1000/aws-java-sdk-lexmodelbuilding-1.11.1000.jar:/Users/rohitjain/.m2/repository/com/amazonaws/aws-java-sdk-resourcegroupstaggingapi/1.11.1000/aws-java-sdk-resourcegroupstaggingapi-1.11.1000.jar:/Users/rohitjain/.m2/repository/com/amazonaws/aws-java-sdk-pinpoint/1.11.1000/aws-java-sdk-pinpoint-1.11.1000.jar:/Users/rohitjain/.m2/repository/com/amazonaws/aws-java-sdk-xray/1.11.1000/aws-java-sdk-xray-1.11.1000.jar:/Users/rohitjain/.m2/repository/com/amazonaws/aws-java-sdk-opsworkscm/1.11.1000/aws-java-sdk-opsworkscm-1.11.1000.jar:/Users/rohitjain/.m2/repository/com/amazonaws/aws-java-sdk-support/1.11.1000/aws-java-sdk-support-1.11.1000.jar:/Users/rohitjain/.m2/repository/com/amazonaws/aws-java-sdk-simpledb/1.11.1000/aws-java-sdk-simpledb-1.11.1000.jar:/Users/rohitjain/.m2/repository/com/amazonaws/aws-java-sdk-servicecatalog/1.11.1000/aws-java-sdk-servicecatalog-1.11.1000.jar:/Users/rohitjain/.m2/repository/com/amazonaws/aws-java-sdk-servermigration/1.11.1000/aws-java-sdk-servermigration-1.11.1000.jar:/Users/rohitjain/.m2/repository/com/amazonaws/aws-java-sdk-simpleworkflow/1.11.1000/aws-java-sdk-simpleworkflow-1.11.1000.jar:/Users/rohitjain/.m2/repository/com/amazonaws/aws-java-sdk-storagegateway/1.11.1000/aws-java-sdk-storagegateway-1.11.1000.jar:/Users/rohitjain/.m2/repository/com/amazonaws/aws-java-sdk-route53/1.11.1000/aws-java-sdk-route53-1.11.1000.jar:/Users/rohitjain/.m2/repository/com/amazonaws/aws-java-sdk-s3/1.11.1000/aws-java-sdk-s3-1.11.1000.jar:/Users/rohitjain/.m2/repository/com/amazonaws/aws-java-sdk-importexport/1.11.1000/aws-java-sdk-importexport-1.11.1000.jar:/Users/rohitjain/.m2/repository/com/amazonaws/aws-java-sdk-sts/1.11.1000/aws-java-sdk-sts-1.11.1000.jar:/Users/rohitjain/.m2/repository/com/amazonaws/aws-java-sdk-sqs/1.11.1000/aws-java-sdk-sqs-1.11.1000.jar:/Users/rohitjain/.m2/repository/com/amazonaws/aws-java-sdk-rds/1.11.1000/aws-java-sdk-rds-1.11.1000.jar:/Users/rohitjain/.m2/repository/com/amazonaws/aws-java-sdk-redshift/1.11.1000/aws-java-sdk-redshift-1.11.1000.jar:/Users/rohitjain/.m2/repository/com/amazonaws/aws-java-sdk-elasticbeanstalk/1.11.1000/aws-java-sdk-elasticbeanstalk-1.11.1000.jar:/Users/rohitjain/.m2/repository/com/amazonaws/aws-java-sdk-glacier/1.11.1000/aws-java-sdk-glacier-1.11.1000.jar:/Users/rohitjain/.m2/repository/com/amazonaws/aws-java-sdk-iam/1.11.1000/aws-java-sdk-iam-1.11.1000.jar:/Users/rohitjain/.m2/repository/com/amazonaws/aws-java-sdk-datapipeline/1.11.1000/aws-java-sdk-datapipeline-1.11.1000.jar:/Users/rohitjain/.m2/repository/com/amazonaws/aws-java-sdk-elasticloadbalancing/1.11.1000/aws-java-sdk-elasticloadbalancing-1.11.1000.jar:/Users/rohitjain/.m2/repository/com/amazonaws/aws-java-sdk-elasticloadbalancingv2/1.11.1000/aws-java-sdk-elasticloadbalancingv2-1.11.1000.jar:/Users/rohitjain/.m2/repository/com/amazonaws/aws-java-sdk-emr/1.11.1000/aws-java-sdk-emr-1.11.1000.jar:/Users/rohitjain/.m2/repository/com/amazonaws/aws-java-sdk-elasticache/1.11.1000/aws-java-sdk-elasticache-1.11.1000.jar:/Users/rohitjain/.m2/repository/com/amazonaws/aws-java-sdk-elastictranscoder/1.11.1000/aws-java-sdk-elastictranscoder-1.11.1000.jar:/Users/rohitjain/.m2/repository/com/amazonaws/aws-java-sdk-ec2/1.11.1000/aws-java-sdk-ec2-1.11.1000.jar:/Users/rohitjain/.m2/repository/com/amazonaws/aws-java-sdk-dynamodb/1.11.1000/aws-java-sdk-dynamodb-1.11.1000.jar:/Users/rohitjain/.m2/repository/com/amazonaws/aws-java-sdk-sns/1.11.1000/aws-java-sdk-sns-1.11.1000.jar:/Users/rohitjain/.m2/repository/com/amazonaws/aws-java-sdk-budgets/1.11.1000/aws-java-sdk-budgets-1.11.1000.jar:/Users/rohitjain/.m2/repository/com/amazonaws/aws-java-sdk-cloudtrail/1.11.1000/aws-java-sdk-cloudtrail-1.11.1000.jar:/Users/rohitjain/.m2/repository/com/amazonaws/aws-java-sdk-cloudwatch/1.11.1000/aws-java-sdk-cloudwatch-1.11.1000.jar:/Users/rohitjain/.m2/repository/com/amazonaws/aws-java-sdk-logs/1.11.1000/aws-java-sdk-logs-1.11.1000.jar:/Users/rohitjain/.m2/repository/com/amazonaws/aws-java-sdk-events/1.11.1000/aws-java-sdk-events-1.11.1000.jar:/Users/rohitjain/.m2/repository/com/amazonaws/aws-java-sdk-cognitoidentity/1.11.1000/aws-java-sdk-cognitoidentity-1.11.1000.jar:/Users/rohitjain/.m2/repository/com/amazonaws/aws-java-sdk-cognitosync/1.11.1000/aws-java-sdk-cognitosync-1.11.1000.jar:/Users/rohitjain/.m2/repository/com/amazonaws/aws-java-sdk-directconnect/1.11.1000/aws-java-sdk-directconnect-1.11.1000.jar:/Users/rohitjain/.m2/repository/com/amazonaws/aws-java-sdk-cloudformation/1.11.1000/aws-java-sdk-cloudformation-1.11.1000.jar:/Users/rohitjain/.m2/repository/com/amazonaws/aws-java-sdk-cloudfront/1.11.1000/aws-java-sdk-cloudfront-1.11.1000.jar:/Users/rohitjain/.m2/repository/com/amazonaws/aws-java-sdk-clouddirectory/1.11.1000/aws-java-sdk-clouddirectory-1.11.1000.jar:/Users/rohitjain/.m2/repository/com/amazonaws/aws-java-sdk-kinesis/1.11.1000/aws-java-sdk-kinesis-1.11.1000.jar:/Users/rohitjain/.m2/repository/com/amazonaws/aws-java-sdk-opsworks/1.11.1000/aws-java-sdk-opsworks-1.11.1000.jar:/Users/rohitjain/.m2/repository/com/amazonaws/aws-java-sdk-ses/1.11.1000/aws-java-sdk-ses-1.11.1000.jar:/Users/rohitjain/.m2/repository/com/amazonaws/aws-java-sdk-autoscaling/1.11.1000/aws-java-sdk-autoscaling-1.11.1000.jar:/Users/rohitjain/.m2/repository/com/amazonaws/aws-java-sdk-cloudsearch/1.11.1000/aws-java-sdk-cloudsearch-1.11.1000.jar:/Users/rohitjain/.m2/repository/com/amazonaws/aws-java-sdk-cloudwatchmetrics/1.11.1000/aws-java-sdk-cloudwatchmetrics-1.11.1000.jar:/Users/rohitjain/.m2/repository/com/amazonaws/aws-java-sdk-codedeploy/1.11.1000/aws-java-sdk-codedeploy-1.11.1000.jar:/Users/rohitjain/.m2/repository/com/amazonaws/aws-java-sdk-codepipeline/1.11.1000/aws-java-sdk-codepipeline-1.11.1000.jar:/Users/rohitjain/.m2/repository/com/amazonaws/aws-java-sdk-kms/1.11.1000/aws-java-sdk-kms-1.11.1000.jar:/Users/rohitjain/.m2/repository/com/amazonaws/aws-java-sdk-config/1.11.1000/aws-java-sdk-config-1.11.1000.jar:/Users/rohitjain/.m2/repository/com/amazonaws/aws-java-sdk-lambda/1.11.1000/aws-java-sdk-lambda-1.11.1000.jar:/Users/rohitjain/.m2/repository/com/amazonaws/aws-java-sdk-ecs/1.11.1000/aws-java-sdk-ecs-1.11.1000.jar:/Users/rohitjain/.m2/repository/com/amazonaws/aws-java-sdk-ecr/1.11.1000/aws-java-sdk-ecr-1.11.1000.jar:/Users/rohitjain/.m2/repository/com/amazonaws/aws-java-sdk-cloudhsm/1.11.1000/aws-java-sdk-cloudhsm-1.11.1000.jar:/Users/rohitjain/.m2/repository/com/amazonaws/aws-java-sdk-ssm/1.11.1000/aws-java-sdk-ssm-1.11.1000.jar:/Users/rohitjain/.m2/repository/com/amazonaws/aws-java-sdk-workspaces/1.11.1000/aws-java-sdk-workspaces-1.11.1000.jar:/Users/rohitjain/.m2/repository/com/amazonaws/aws-java-sdk-machinelearning/1.11.1000/aws-java-sdk-machinelearning-1.11.1000.jar:/Users/rohitjain/.m2/repository/com/amazonaws/aws-java-sdk-directory/1.11.1000/aws-java-sdk-directory-1.11.1000.jar:/Users/rohitjain/.m2/repository/com/amazonaws/aws-java-sdk-efs/1.11.1000/aws-java-sdk-efs-1.11.1000.jar:/Users/rohitjain/.m2/repository/com/amazonaws/aws-java-sdk-codecommit/1.11.1000/aws-java-sdk-codecommit-1.11.1000.jar:/Users/rohitjain/.m2/repository/com/amazonaws/aws-java-sdk-devicefarm/1.11.1000/aws-java-sdk-devicefarm-1.11.1000.jar:/Users/rohitjain/.m2/repository/com/amazonaws/aws-java-sdk-elasticsearch/1.11.1000/aws-java-sdk-elasticsearch-1.11.1000.jar:/Users/rohitjain/.m2/repository/com/amazonaws/aws-java-sdk-waf/1.11.1000/aws-java-sdk-waf-1.11.1000.jar:/Users/rohitjain/.m2/repository/com/amazonaws/aws-java-sdk-marketplacecommerceanalytics/1.11.1000/aws-java-sdk-marketplacecommerceanalytics-1.11.1000.jar:/Users/rohitjain/.m2/repository/com/amazonaws/aws-java-sdk-inspector/1.11.1000/aws-java-sdk-inspector-1.11.1000.jar:/Users/rohitjain/.m2/repository/com/amazonaws/aws-java-sdk-iot/1.11.1000/aws-java-sdk-iot-1.11.1000.jar:/Users/rohitjain/.m2/repository/com/amazonaws/aws-java-sdk-api-gateway/1.11.1000/aws-java-sdk-api-gateway-1.11.1000.jar:/Users/rohitjain/.m2/repository/com/amazonaws/aws-java-sdk-acm/1.11.1000/aws-java-sdk-acm-1.11.1000.jar:/Users/rohitjain/.m2/repository/com/amazonaws/aws-java-sdk-gamelift/1.11.1000/aws-java-sdk-gamelift-1.11.1000.jar:/Users/rohitjain/.m2/repository/com/amazonaws/aws-java-sdk-dms/1.11.1000/aws-java-sdk-dms-1.11.1000.jar:/Users/rohitjain/.m2/repository/com/amazonaws/aws-java-sdk-marketplacemeteringservice/1.11.1000/aws-java-sdk-marketplacemeteringservice-1.11.1000.jar:/Users/rohitjain/.m2/repository/com/amazonaws/aws-java-sdk-cognitoidp/1.11.1000/aws-java-sdk-cognitoidp-1.11.1000.jar:/Users/rohitjain/.m2/repository/com/amazonaws/aws-java-sdk-discovery/1.11.1000/aws-java-sdk-discovery-1.11.1000.jar:/Users/rohitjain/.m2/repository/com/amazonaws/aws-java-sdk-applicationautoscaling/1.11.1000/aws-java-sdk-applicationautoscaling-1.11.1000.jar:/Users/rohitjain/.m2/repository/com/amazonaws/aws-java-sdk-snowball/1.11.1000/aws-java-sdk-snowball-1.11.1000.jar:/Users/rohitjain/.m2/repository/com/amazonaws/aws-java-sdk-rekognition/1.11.1000/aws-java-sdk-rekognition-1.11.1000.jar:/Users/rohitjain/.m2/repository/com/amazonaws/aws-java-sdk-polly/1.11.1000/aws-java-sdk-polly-1.11.1000.jar:/Users/rohitjain/.m2/repository/com/amazonaws/aws-java-sdk-lightsail/1.11.1000/aws-java-sdk-lightsail-1.11.1000.jar:/Users/rohitjain/.m2/repository/com/amazonaws/aws-java-sdk-stepfunctions/1.11.1000/aws-java-sdk-stepfunctions-1.11.1000.jar:/Users/rohitjain/.m2/repository/com/amazonaws/aws-java-sdk-health/1.11.1000/aws-java-sdk-health-1.11.1000.jar:/Users/rohitjain/.m2/repository/com/amazonaws/aws-java-sdk-costandusagereport/1.11.1000/aws-java-sdk-costandusagereport-1.11.1000.jar:/Users/rohitjain/.m2/repository/com/amazonaws/aws-java-sdk-codebuild/1.11.1000/aws-java-sdk-codebuild-1.11.1000.jar:/Users/rohitjain/.m2/repository/com/amazonaws/aws-java-sdk-appstream/1.11.1000/aws-java-sdk-appstream-1.11.1000.jar:/Users/rohitjain/.m2/repository/com/amazonaws/aws-java-sdk-shield/1.11.1000/aws-java-sdk-shield-1.11.1000.jar:/Users/rohitjain/.m2/repository/com/amazonaws/aws-java-sdk-batch/1.11.1000/aws-java-sdk-batch-1.11.1000.jar:/Users/rohitjain/.m2/repository/com/amazonaws/aws-java-sdk-lex/1.11.1000/aws-java-sdk-lex-1.11.1000.jar:/Users/rohitjain/.m2/repository/com/amazonaws/aws-java-sdk-mechanicalturkrequester/1.11.1000/aws-java-sdk-mechanicalturkrequester-1.11.1000.jar:/Users/rohitjain/.m2/repository/com/amazonaws/aws-java-sdk-organizations/1.11.1000/aws-java-sdk-organizations-1.11.1000.jar:/Users/rohitjain/.m2/repository/com/amazonaws/aws-java-sdk-workdocs/1.11.1000/aws-java-sdk-workdocs-1.11.1000.jar:/Users/rohitjain/.m2/repository/com/amazonaws/aws-java-sdk-core/1.11.1000/aws-java-sdk-core-1.11.1000.jar:/Users/rohitjain/.m2/repository/software/amazon/ion/ion-java/1.0.2/ion-java-1.0.2.jar:/Users/rohitjain/.m2/repository/com/fasterxml/jackson/dataformat/jackson-dataformat-cbor/2.6.7/jackson-dataformat-cbor-2.6.7.jar:/Users/rohitjain/.m2/repository/joda-time/joda-time/2.8.1/joda-time-2.8.1.jar:/Users/rohitjain/.m2/repository/com/amazonaws/aws-java-sdk-models/1.11.1000/aws-java-sdk-models-1.11.1000.jar:/Users/rohitjain/.m2/repository/com/amazonaws/aws-java-sdk-swf-libraries/1.11.22/aws-java-sdk-swf-libraries-1.11.22.jar:/Users/rohitjain/.m2/repository/com/fasterxml/jackson/core/jackson-databind/2.14.2/jackson-databind-2.14.2.jar:/Users/rohitjain/.m2/repository/com/fasterxml/jackson/core/jackson-annotations/2.14.2/jackson-annotations-2.14.2.jar:/Users/rohitjain/.m2/repository/com/fasterxml/jackson/core/jackson-core/2.14.2/jackson-core-2.14.2.jar:/Users/rohitjain/.m2/repository/com/google/code/gson/gson/2.10.1/gson-2.10.1.jar:/Users/rohitjain/.m2/repository/org/json/json/20230227/json-20230227.jar:/Users/rohitjain/.m2/repository/org/projectlombok/lombok/1.18.26/lombok-1.18.26.jar:/Users/rohitjain/.m2/repository/org/awaitility/awaitility/3.0.0/awaitility-3.0.0.jar:/Users/rohitjain/.m2/repository/org/hamcrest/hamcrest-library/1.3/hamcrest-library-1.3.jar:/Users/rohitjain/.m2/repository/org/hamcrest/hamcrest-core/1.3/hamcrest-core-1.3.jar:/Users/rohitjain/.m2/repository/org/objenesis/objenesis/2.5.1/objenesis-2.5.1.jar:/Users/rohitjain/.m2/repository/org/awaitility/awaitility-proxy/3.0.0/awaitility-proxy-3.0.0.jar:/Users/rohitjain/.m2/repository/net/bytebuddy/byte-buddy/1.6.11/byte-buddy-1.6.11.jar:/Users/rohitjain/.m2/repository/com/googlecode/json-simple/json-simple/1.1/json-simple-1.1.jar:/Users/rohitjain/.m2/repository/com/aventstack/extentreports/5.0.9/extentreports-5.0.9.jar:/Users/rohitjain/.m2/repository/io/reactivex/rxjava3/rxjava/3.0.4/rxjava-3.0.4.jar:/Users/rohitjain/.m2/repository/org/reactivestreams/reactive-streams/1.0.3/reactive-streams-1.0.3.jar:/Users/rohitjain/.m2/repository/org/freemarker/freemarker/2.3.30/freemarker-2.3.30.jar:/Users/rohitjain/.m2/repository/org/apache/poi/poi-ooxml/3.9/poi-ooxml-3.9.jar:/Users/rohitjain/.m2/repository/org/apache/poi/poi/3.9/poi-3.9.jar:/Users/rohitjain/.m2/repository/org/apache/poi/poi-ooxml-schemas/3.9/poi-ooxml-schemas-3.9.jar:/Users/rohitjain/.m2/repository/org/apache/xmlbeans/xmlbeans/2.3.0/xmlbeans-2.3.0.jar:/Users/rohitjain/.m2/repository/stax/stax-api/1.0.1/stax-api-1.0.1.jar:/Users/rohitjain/.m2/repository/dom4j/dom4j/1.6.1/dom4j-1.6.1.jar:/Users/rohitjain/.m2/repository/xml-apis/xml-apis/1.0.b2/xml-apis-1.0.b2.jar:/Users/rohitjain/.m2/repository/com/opencsv/opencsv/5.7.1/opencsv-5.7.1.jar:/Users/rohitjain/.m2/repository/org/apache/commons/commons-lang3/3.12.0/commons-lang3-3.12.0.jar:/Users/rohitjain/.m2/repository/org/apache/commons/commons-text/1.10.0/commons-text-1.10.0.jar:/Users/rohitjain/.m2/repository/commons-beanutils/commons-beanutils/1.9.4/commons-beanutils-1.9.4.jar:/Users/rohitjain/.m2/repository/commons-collections/commons-collections/3.2.2/commons-collections-3.2.2.jar:/Users/rohitjain/.m2/repository/org/apache/commons/commons-collections4/4.4/commons-collections4-4.4.jar:/Users/rohitjain/.m2/repository/commons-io/commons-io/2.6/commons-io-2.6.jar:/Users/rohitjain/.m2/repository/io/rest-assured/json-schema-validator/5.3.0/json-schema-validator-5.3.0.jar:/Users/rohitjain/.m2/repository/com/github/java-json-tools/json-schema-validator/2.2.14/json-schema-validator-2.2.14.jar:/Users/rohitjain/.m2/repository/com/google/guava/guava/28.2-android/guava-28.2-android.jar:/Users/rohitjain/.m2/repository/com/google/guava/failureaccess/1.0.1/failureaccess-1.0.1.jar:/Users/rohitjain/.m2/repository/com/google/guava/listenablefuture/9999.0-empty-to-avoid-conflict-with-guava/listenablefuture-9999.0-empty-to-avoid-conflict-with-guava.jar:/Users/rohitjain/.m2/repository/org/checkerframework/checker-compat-qual/2.5.5/checker-compat-qual-2.5.5.jar:/Users/rohitjain/.m2/repository/com/google/errorprone/error_prone_annotations/2.3.4/error_prone_annotations-2.3.4.jar:/Users/rohitjain/.m2/repository/com/google/j2objc/j2objc-annotations/1.3/j2objc-annotations-1.3.jar:/Users/rohitjain/.m2/repository/com/github/java-json-tools/jackson-coreutils-equivalence/1.0/jackson-coreutils-equivalence-1.0.jar:/Users/rohitjain/.m2/repository/com/github/java-json-tools/jackson-coreutils/2.0/jackson-coreutils-2.0.jar:/Users/rohitjain/.m2/repository/com/github/java-json-tools/msg-simple/1.2/msg-simple-1.2.jar:/Users/rohitjain/.m2/repository/com/github/java-json-tools/btf/1.3/btf-1.3.jar:/Users/rohitjain/.m2/repository/com/github/java-json-tools/json-schema-core/1.2.14/json-schema-core-1.2.14.jar:/Users/rohitjain/.m2/repository/com/github/java-json-tools/uri-template/0.10/uri-template-0.10.jar:/Users/rohitjain/.m2/repository/org/mozilla/rhino/1.7.7.2/rhino-1.7.7.2.jar:/Users/rohitjain/.m2/repository/com/sun/mail/mailapi/1.6.2/mailapi-1.6.2.jar:/Users/rohitjain/.m2/repository/com/googlecode/libphonenumber/libphonenumber/8.11.1/libphonenumber-8.11.1.jar:/Users/rohitjain/.m2/repository/com/google/code/findbugs/jsr305/3.0.2/jsr305-3.0.2.jar:/Users/rohitjain/.m2/repository/net/sf/jopt-simple/jopt-simple/5.0.4/jopt-simple-5.0.4.jar:/Users/rohitjain/.m2/repository/commons-lang/commons-lang/2.6/commons-lang-2.6.jar:/Users/rohitjain/.m2/repository/org/apache/hadoop/hadoop-aws/3.3.0/hadoop-aws-3.3.0.jar:/Users/rohitjain/.m2/repository/com/amazonaws/aws-java-sdk-bundle/1.11.563/aws-java-sdk-bundle-1.11.563.jar:/Users/rohitjain/.m2/repository/org/wildfly/openssl/wildfly-openssl/1.0.7.Final/wildfly-openssl-1.0.7.Final.jar:/Users/rohitjain/.m2/repository/org/apache/spark/spark-sql_2.13/3.4.0/spark-sql_2.13-3.4.0.jar:/Users/rohitjain/.m2/repository/org/rocksdb/rocksdbjni/7.9.2/rocksdbjni-7.9.2.jar:/Users/rohitjain/.m2/repository/com/univocity/univocity-parsers/2.9.1/univocity-parsers-2.9.1.jar:/Users/rohitjain/.m2/repository/org/apache/spark/spark-sketch_2.13/3.4.0/spark-sketch_2.13-3.4.0.jar:/Users/rohitjain/.m2/repository/org/apache/spark/spark-core_2.13/3.4.0/spark-core_2.13-3.4.0.jar:/Users/rohitjain/.m2/repository/org/apache/avro/avro/1.11.1/avro-1.11.1.jar:/Users/rohitjain/.m2/repository/org/apache/avro/avro-mapred/1.11.1/avro-mapred-1.11.1.jar:/Users/rohitjain/.m2/repository/org/apache/avro/avro-ipc/1.11.1/avro-ipc-1.11.1.jar:/Users/rohitjain/.m2/repository/org/tukaani/xz/1.9/xz-1.9.jar:/Users/rohitjain/.m2/repository/com/twitter/chill_2.13/0.10.0/chill_2.13-0.10.0.jar:/Users/rohitjain/.m2/repository/com/esotericsoftware/kryo-shaded/4.0.2/kryo-shaded-4.0.2.jar:/Users/rohitjain/.m2/repository/com/esotericsoftware/minlog/1.3.0/minlog-1.3.0.jar:/Users/rohitjain/.m2/repository/com/twitter/chill-java/0.10.0/chill-java-0.10.0.jar:/Users/rohitjain/.m2/repository/org/apache/hadoop/hadoop-client-api/3.3.4/hadoop-client-api-3.3.4.jar:/Users/rohitjain/.m2/repository/org/apache/hadoop/hadoop-client-runtime/3.3.4/hadoop-client-runtime-3.3.4.jar:/Users/rohitjain/.m2/repository/org/apache/spark/spark-launcher_2.13/3.4.0/spark-launcher_2.13-3.4.0.jar:/Users/rohitjain/.m2/repository/org/apache/spark/spark-kvstore_2.13/3.4.0/spark-kvstore_2.13-3.4.0.jar:/Users/rohitjain/.m2/repository/org/fusesource/leveldbjni/leveldbjni-all/1.8/leveldbjni-all-1.8.jar:/Users/rohitjain/.m2/repository/org/apache/spark/spark-network-common_2.13/3.4.0/spark-network-common_2.13-3.4.0.jar:/Users/rohitjain/.m2/repository/com/google/crypto/tink/tink/1.7.0/tink-1.7.0.jar:/Users/rohitjain/.m2/repository/org/apache/spark/spark-network-shuffle_2.13/3.4.0/spark-network-shuffle_2.13-3.4.0.jar:/Users/rohitjain/.m2/repository/org/apache/spark/spark-unsafe_2.13/3.4.0/spark-unsafe_2.13-3.4.0.jar:/Users/rohitjain/.m2/repository/javax/activation/activation/1.1.1/activation-1.1.1.jar:/Users/rohitjain/.m2/repository/org/apache/curator/curator-recipes/2.13.0/curator-recipes-2.13.0.jar:/Users/rohitjain/.m2/repository/org/apache/curator/curator-framework/2.13.0/curator-framework-2.13.0.jar:/Users/rohitjain/.m2/repository/org/apache/curator/curator-client/2.13.0/curator-client-2.13.0.jar:/Users/rohitjain/.m2/repository/org/apache/zookeeper/zookeeper/3.6.3/zookeeper-3.6.3.jar:/Users/rohitjain/.m2/repository/org/apache/zookeeper/zookeeper-jute/3.6.3/zookeeper-jute-3.6.3.jar:/Users/rohitjain/.m2/repository/jakarta/servlet/jakarta.servlet-api/4.0.3/jakarta.servlet-api-4.0.3.jar:/Users/rohitjain/.m2/repository/org/apache/commons/commons-compress/1.22/commons-compress-1.22.jar:/Users/rohitjain/.m2/repository/org/apache/commons/commons-math3/3.6.1/commons-math3-3.6.1.jar:/Users/rohitjain/.m2/repository/org/slf4j/jul-to-slf4j/2.0.6/jul-to-slf4j-2.0.6.jar:/Users/rohitjain/.m2/repository/org/slf4j/jcl-over-slf4j/2.0.6/jcl-over-slf4j-2.0.6.jar:/Users/rohitjain/.m2/repository/org/apache/logging/log4j/log4j-slf4j2-impl/2.19.0/log4j-slf4j2-impl-2.19.0.jar:/Users/rohitjain/.m2/repository/org/apache/logging/log4j/log4j-api/2.19.0/log4j-api-2.19.0.jar:/Users/rohitjain/.m2/repository/org/apache/logging/log4j/log4j-core/2.19.0/log4j-core-2.19.0.jar:/Users/rohitjain/.m2/repository/org/apache/logging/log4j/log4j-1.2-api/2.19.0/log4j-1.2-api-2.19.0.jar:/Users/rohitjain/.m2/repository/com/ning/compress-lzf/1.1.2/compress-lzf-1.1.2.jar:/Users/rohitjain/.m2/repository/org/xerial/snappy/snappy-java/1.1.9.1/snappy-java-1.1.9.1.jar:/Users/rohitjain/.m2/repository/org/lz4/lz4-java/1.8.0/lz4-java-1.8.0.jar:/Users/rohitjain/.m2/repository/com/github/luben/zstd-jni/1.5.2-5/zstd-jni-1.5.2-5.jar:/Users/rohitjain/.m2/repository/org/roaringbitmap/RoaringBitmap/0.9.38/RoaringBitmap-0.9.38.jar:/Users/rohitjain/.m2/repository/org/roaringbitmap/shims/0.9.38/shims-0.9.38.jar:/Users/rohitjain/.m2/repository/org/scala-lang/modules/scala-xml_2.13/2.1.0/scala-xml_2.13-2.1.0.jar:/Users/rohitjain/.m2/repository/org/scala-lang/scala-library/2.13.8/scala-library-2.13.8.jar:/Users/rohitjain/.m2/repository/org/scala-lang/scala-reflect/2.13.8/scala-reflect-2.13.8.jar:/Users/rohitjain/.m2/repository/org/json4s/json4s-jackson_2.13/3.7.0-M11/json4s-jackson_2.13-3.7.0-M11.jar:/Users/rohitjain/.m2/repository/org/json4s/json4s-core_2.13/3.7.0-M11/json4s-core_2.13-3.7.0-M11.jar:/Users/rohitjain/.m2/repository/org/json4s/json4s-ast_2.13/3.7.0-M11/json4s-ast_2.13-3.7.0-M11.jar:/Users/rohitjain/.m2/repository/org/json4s/json4s-scalap_2.13/3.7.0-M11/json4s-scalap_2.13-3.7.0-M11.jar:/Users/rohitjain/.m2/repository/org/glassfish/jersey/core/jersey-client/2.36/jersey-client-2.36.jar:/Users/rohitjain/.m2/repository/jakarta/ws/rs/jakarta.ws.rs-api/2.1.6/jakarta.ws.rs-api-2.1.6.jar:/Users/rohitjain/.m2/repository/org/glassfish/hk2/external/jakarta.inject/2.6.1/jakarta.inject-2.6.1.jar:/Users/rohitjain/.m2/repository/org/glassfish/jersey/core/jersey-common/2.36/jersey-common-2.36.jar:/Users/rohitjain/.m2/repository/jakarta/annotation/jakarta.annotation-api/1.3.5/jakarta.annotation-api-1.3.5.jar:/Users/rohitjain/.m2/repository/org/glassfish/hk2/osgi-resource-locator/1.0.3/osgi-resource-locator-1.0.3.jar:/Users/rohitjain/.m2/repository/org/glassfish/jersey/core/jersey-server/2.36/jersey-server-2.36.jar:/Users/rohitjain/.m2/repository/jakarta/validation/jakarta.validation-api/2.0.2/jakarta.validation-api-2.0.2.jar:/Users/rohitjain/.m2/repository/org/glassfish/jersey/containers/jersey-container-servlet/2.36/jersey-container-servlet-2.36.jar:/Users/rohitjain/.m2/repository/org/glassfish/jersey/containers/jersey-container-servlet-core/2.36/jersey-container-servlet-core-2.36.jar:/Users/rohitjain/.m2/repository/org/glassfish/jersey/inject/jersey-hk2/2.36/jersey-hk2-2.36.jar:/Users/rohitjain/.m2/repository/org/glassfish/hk2/hk2-locator/2.6.1/hk2-locator-2.6.1.jar:/Users/rohitjain/.m2/repository/org/glassfish/hk2/external/aopalliance-repackaged/2.6.1/aopalliance-repackaged-2.6.1.jar:/Users/rohitjain/.m2/repository/org/glassfish/hk2/hk2-api/2.6.1/hk2-api-2.6.1.jar:/Users/rohitjain/.m2/repository/org/glassfish/hk2/hk2-utils/2.6.1/hk2-utils-2.6.1.jar:/Users/rohitjain/.m2/repository/org/javassist/javassist/3.25.0-GA/javassist-3.25.0-GA.jar:/Users/rohitjain/.m2/repository/io/netty/netty-all/4.1.87.Final/netty-all-4.1.87.Final.jar:/Users/rohitjain/.m2/repository/io/netty/netty-codec-http2/4.1.87.Final/netty-codec-http2-4.1.87.Final.jar:/Users/rohitjain/.m2/repository/io/netty/netty-codec-socks/4.1.87.Final/netty-codec-socks-4.1.87.Final.jar:/Users/rohitjain/.m2/repository/io/netty/netty-transport-native-unix-common/4.1.87.Final/netty-transport-native-unix-common-4.1.87.Final.jar:/Users/rohitjain/.m2/repository/io/netty/netty-handler-proxy/4.1.87.Final/netty-handler-proxy-4.1.87.Final.jar:/Users/rohitjain/.m2/repository/io/netty/netty-transport-classes-epoll/4.1.87.Final/netty-transport-classes-epoll-4.1.87.Final.jar:/Users/rohitjain/.m2/repository/io/netty/netty-transport-classes-kqueue/4.1.87.Final/netty-transport-classes-kqueue-4.1.87.Final.jar:/Users/rohitjain/.m2/repository/io/netty/netty-transport-native-epoll/4.1.87.Final/netty-transport-native-epoll-4.1.87.Final-linux-x86_64.jar:/Users/rohitjain/.m2/repository/io/netty/netty-transport-native-epoll/4.1.87.Final/netty-transport-native-epoll-4.1.87.Final-linux-aarch_64.jar:/Users/rohitjain/.m2/repository/io/netty/netty-transport-native-kqueue/4.1.87.Final/netty-transport-native-kqueue-4.1.87.Final-osx-aarch_64.jar:/Users/rohitjain/.m2/repository/io/netty/netty-transport-native-kqueue/4.1.87.Final/netty-transport-native-kqueue-4.1.87.Final-osx-x86_64.jar:/Users/rohitjain/.m2/repository/com/clearspring/analytics/stream/2.9.6/stream-2.9.6.jar:/Users/rohitjain/.m2/repository/io/dropwizard/metrics/metrics-core/4.2.15/metrics-core-4.2.15.jar:/Users/rohitjain/.m2/repository/io/dropwizard/metrics/metrics-jvm/4.2.15/metrics-jvm-4.2.15.jar:/Users/rohitjain/.m2/repository/io/dropwizard/metrics/metrics-json/4.2.15/metrics-json-4.2.15.jar:/Users/rohitjain/.m2/repository/io/dropwizard/metrics/metrics-graphite/4.2.15/metrics-graphite-4.2.15.jar:/Users/rohitjain/.m2/repository/io/dropwizard/metrics/metrics-jmx/4.2.15/metrics-jmx-4.2.15.jar:/Users/rohitjain/.m2/repository/com/fasterxml/jackson/module/jackson-module-scala_2.13/2.14.2/jackson-module-scala_2.13-2.14.2.jar:/Users/rohitjain/.m2/repository/com/thoughtworks/paranamer/paranamer/2.8/paranamer-2.8.jar:/Users/rohitjain/.m2/repository/org/apache/ivy/ivy/2.5.1/ivy-2.5.1.jar:/Users/rohitjain/.m2/repository/oro/oro/2.0.8/oro-2.0.8.jar:/Users/rohitjain/.m2/repository/net/razorvine/pickle/1.3/pickle-1.3.jar:/Users/rohitjain/.m2/repository/net/sf/py4j/py4j/0.10.9.7/py4j-0.10.9.7.jar:/Users/rohitjain/.m2/repository/org/apache/commons/commons-crypto/1.1.0/commons-crypto-1.1.0.jar:/Users/rohitjain/.m2/repository/org/apache/spark/spark-catalyst_2.13/3.4.0/spark-catalyst_2.13-3.4.0.jar:/Users/rohitjain/.m2/repository/org/scala-lang/modules/scala-parser-combinators_2.13/2.1.1/scala-parser-combinators_2.13-2.1.1.jar:/Users/rohitjain/.m2/repository/org/codehaus/janino/janino/3.1.9/janino-3.1.9.jar:/Users/rohitjain/.m2/repository/org/codehaus/janino/commons-compiler/3.1.9/commons-compiler-3.1.9.jar:/Users/rohitjain/.m2/repository/org/antlr/antlr4-runtime/4.9.3/antlr4-runtime-4.9.3.jar:/Users/rohitjain/.m2/repository/org/apache/arrow/arrow-vector/11.0.0/arrow-vector-11.0.0.jar:/Users/rohitjain/.m2/repository/org/apache/arrow/arrow-format/11.0.0/arrow-format-11.0.0.jar:/Users/rohitjain/.m2/repository/org/apache/arrow/arrow-memory-core/11.0.0/arrow-memory-core-11.0.0.jar:/Users/rohitjain/.m2/repository/com/fasterxml/jackson/datatype/jackson-datatype-jsr310/2.13.4/jackson-datatype-jsr310-2.13.4.jar:/Users/rohitjain/.m2/repository/com/google/flatbuffers/flatbuffers-java/1.12.0/flatbuffers-java-1.12.0.jar:/Users/rohitjain/.m2/repository/org/apache/arrow/arrow-memory-netty/11.0.0/arrow-memory-netty-11.0.0.jar:/Users/rohitjain/.m2/repository/org/apache/spark/spark-tags_2.13/3.4.0/spark-tags_2.13-3.4.0.jar:/Users/rohitjain/.m2/repository/org/scala-lang/modules/scala-parallel-collections_2.13/1.0.4/scala-parallel-collections_2.13-1.0.4.jar:/Users/rohitjain/.m2/repository/org/apache/orc/orc-core/1.8.3/orc-core-1.8.3-shaded-protobuf.jar:/Users/rohitjain/.m2/repository/org/apache/orc/orc-shims/1.8.3/orc-shims-1.8.3.jar:/Users/rohitjain/.m2/repository/io/airlift/aircompressor/0.21/aircompressor-0.21.jar:/Users/rohitjain/.m2/repository/org/jetbrains/annotations/17.0.0/annotations-17.0.0.jar:/Users/rohitjain/.m2/repository/org/threeten/threeten-extra/1.7.1/threeten-extra-1.7.1.jar:/Users/rohitjain/.m2/repository/org/apache/orc/orc-mapreduce/1.8.3/orc-mapreduce-1.8.3-shaded-protobuf.jar:/Users/rohitjain/.m2/repository/org/apache/hive/hive-storage-api/2.8.1/hive-storage-api-2.8.1.jar:/Users/rohitjain/.m2/repository/org/apache/parquet/parquet-column/1.12.3/parquet-column-1.12.3.jar:/Users/rohitjain/.m2/repository/org/apache/parquet/parquet-common/1.12.3/parquet-common-1.12.3.jar:/Users/rohitjain/.m2/repository/org/apache/parquet/parquet-encoding/1.12.3/parquet-encoding-1.12.3.jar:/Users/rohitjain/.m2/repository/org/apache/yetus/audience-annotations/0.13.0/audience-annotations-0.13.0.jar:/Users/rohitjain/.m2/repository/org/apache/parquet/parquet-hadoop/1.12.3/parquet-hadoop-1.12.3.jar:/Users/rohitjain/.m2/repository/org/apache/parquet/parquet-format-structures/1.12.3/parquet-format-structures-1.12.3.jar:/Users/rohitjain/.m2/repository/org/apache/parquet/parquet-jackson/1.12.3/parquet-jackson-1.12.3.jar:/Users/rohitjain/.m2/repository/org/apache/xbean/xbean-asm9-shaded/4.22/xbean-asm9-shaded-4.22.jar:/Users/rohitjain/.m2/repository/com/google/protobuf/protobuf-java/3.21.12/protobuf-java-3.21.12.jar:/Users/rohitjain/.m2/repository/org/slf4j/slf4j-api/2.0.0/slf4j-api-2.0.0.jar:"/>
    <property name="sun.cpu.endian" value="little"/>
    <property name="user.home" value="/Users/rohitjain"/>
    <property name="user.language" value="en"/>
    <property name="java.specification.vendor" value="Oracle Corporation"/>
    <property name="java.version.date" value="2023-03-21"/>
    <property name="java.home" value="/opt/homebrew/Cellar/openjdk/20/libexec/openjdk.jdk/Contents/Home"/>
    <property name="file.separator" value="/"/>
    <property name="basedir" value="/Users/rohitjain/workplace/PlatformAutomation"/>
    <property name="java.vm.compressedOopsMode" value="Zero based"/>
    <property name="line.separator" value="&#10;"/>
    <property name="java.vm.specification.vendor" value="Oracle Corporation"/>
    <property name="java.specification.name" value="Java Platform API Specification"/>
    <property name="apple.awt.application.name" value="Launcher"/>
    <property name="sun.management.compiler" value="HotSpot 64-Bit Tiered Compilers"/>
    <property name="ftp.nonProxyHosts" value="local|*.local|169.254/16|*.169.254/16"/>
    <property name="java.runtime.version" value="20"/>
    <property name="user.name" value="rohitjain"/>
    <property name="stdout.encoding" value="US-ASCII"/>
    <property name="path.separator" value=":"/>
    <property name="os.version" value="13.3.1"/>
    <property name="ksipTests" value="true"/>
    <property name="java.runtime.name" value="OpenJDK Runtime Environment"/>
    <property name="file.encoding" value="UTF-8"/>
    <property name="guice.disable.misplaced.annotation.check" value="true"/>
    <property name="sun.nio.ch.bugLevel" value=""/>
    <property name="java.vm.name" value="OpenJDK 64-Bit Server VM"/>
    <property name="java.vendor.version" value="Homebrew"/>
    <property name="localRepository" value="/Users/rohitjain/.m2/repository"/>
    <property name="java.vendor.url.bug" value="https://github.com/Homebrew/homebrew-core/issues"/>
    <property name="java.io.tmpdir" value="/var/folders/1h/99zc6wxn5wl5pgrr72fz1tvm0000gp/T/"/>
    <property name="java.version" value="20"/>
    <property name="user.dir" value="/Users/rohitjain/workplace/PlatformAutomation"/>
    <property name="os.arch" value="aarch64"/>
    <property name="maven.multiModuleProjectDirectory" value="/Users/rohitjain/workplace/PlatformAutomation"/>
    <property name="java.vm.specification.name" value="Java Virtual Machine Specification"/>
    <property name="native.encoding" value="US-ASCII"/>
    <property name="java.library.path" value="/Users/rohitjain/Library/Java/Extensions:/Library/Java/Extensions:/Network/Library/Java/Extensions:/System/Library/Java/Extensions:/usr/lib/java:."/>
    <property name="java.vm.info" value="mixed mode, sharing"/>
    <property name="stderr.encoding" value="US-ASCII"/>
    <property name="java.vendor" value="Homebrew"/>
    <property name="java.vm.version" value="20"/>
    <property name="classworlds.conf" value="/opt/homebrew/Cellar/maven/3.9.1/libexec/bin/m2.conf"/>
    <property name="sun.io.unicode.encoding" value="UnicodeBig"/>
    <property name="library.jansi.path" value="/opt/homebrew/Cellar/maven/3.9.1/libexec/lib/jansi-native"/>
    <property name="socksNonProxyHosts" value="local|*.local|169.254/16|*.169.254/16"/>
    <property name="java.class.version" value="64.0"/>
  </properties>
  <testcase name="fileIngestion" classname="Ingestion.UserIngestion" time="15.798">
    <failure message="JSONObject[&quot;pilotId&quot;] is not a string (class java.lang.Integer : 10057)." type="org.json.JSONException"><![CDATA[org.json.JSONException: JSONObject["pilotId"] is not a string (class java.lang.Integer : 10057).
	at org.json.JSONObject.wrongValueFormatException(JSONObject.java:2702)
	at org.json.JSONObject.getString(JSONObject.java:861)
	at ResponseValidation.IngestionValidations.validateUserDetails(IngestionValidations.java:41)
	at Ingestion.UserIngestion.fileIngestion(UserIngestion.java:97)
	at java.base/jdk.internal.reflect.DirectMethodHandleAccessor.invoke(DirectMethodHandleAccessor.java:104)
	at java.base/java.lang.reflect.Method.invoke(Method.java:578)
	at org.testng.internal.invokers.MethodInvocationHelper.invokeMethod(MethodInvocationHelper.java:139)
	at org.testng.internal.invokers.TestInvoker.invokeMethod(TestInvoker.java:677)
	at org.testng.internal.invokers.TestInvoker.invokeTestMethod(TestInvoker.java:221)
	at org.testng.internal.invokers.MethodRunner.runInSequence(MethodRunner.java:50)
	at org.testng.internal.invokers.TestInvoker$MethodInvocationAgent.invoke(TestInvoker.java:969)
	at org.testng.internal.invokers.TestInvoker.invokeTestMethods(TestInvoker.java:194)
	at org.testng.internal.invokers.TestMethodWorker.invokeTestMethods(TestMethodWorker.java:148)
	at org.testng.internal.invokers.TestMethodWorker.run(TestMethodWorker.java:128)
	at java.base/java.util.ArrayList.forEach(ArrayList.java:1511)
	at org.testng.TestRunner.privateRun(TestRunner.java:829)
	at org.testng.TestRunner.run(TestRunner.java:602)
	at org.testng.SuiteRunner.runTest(SuiteRunner.java:437)
	at org.testng.SuiteRunner.runSequentially(SuiteRunner.java:431)
	at org.testng.SuiteRunner.privateRun(SuiteRunner.java:391)
	at org.testng.SuiteRunner.run(SuiteRunner.java:330)
	at org.testng.SuiteRunnerWorker.runSuite(SuiteRunnerWorker.java:52)
	at org.testng.SuiteRunnerWorker.run(SuiteRunnerWorker.java:95)
	at org.testng.TestNG.runSuitesSequentially(TestNG.java:1256)
	at org.testng.TestNG.runSuitesLocally(TestNG.java:1176)
	at org.testng.TestNG.runSuites(TestNG.java:1099)
	at org.testng.TestNG.run(TestNG.java:1067)
	at org.apache.maven.surefire.testng.TestNGExecutor.run(TestNGExecutor.java:324)
	at org.apache.maven.surefire.testng.TestNGXmlTestSuite.execute(TestNGXmlTestSuite.java:74)
	at org.apache.maven.surefire.testng.TestNGProvider.invoke(TestNGProvider.java:123)
	at java.base/jdk.internal.reflect.DirectMethodHandleAccessor.invoke(DirectMethodHandleAccessor.java:104)
	at java.base/java.lang.reflect.Method.invoke(Method.java:578)
	at org.apache.maven.surefire.api.util.ReflectionUtils.invokeMethodWithArray2(ReflectionUtils.java:183)
	at org.apache.maven.surefire.booter.ProviderFactory$ProviderProxy.invoke(ProviderFactory.java:161)
	at org.apache.maven.surefire.booter.ProviderFactory.invokeProvider(ProviderFactory.java:85)
	at org.apache.maven.plugin.surefire.InPluginVMSurefireStarter.runSuitesInProcess(InPluginVMSurefireStarter.java:92)
	at org.apache.maven.plugin.surefire.AbstractSurefireMojo.executeProvider(AbstractSurefireMojo.java:1310)
	at org.apache.maven.plugin.surefire.AbstractSurefireMojo.executeAfterPreconditionsChecked(AbstractSurefireMojo.java:1167)
	at org.apache.maven.plugin.surefire.AbstractSurefireMojo.execute(AbstractSurefireMojo.java:931)
	at org.apache.maven.plugin.DefaultBuildPluginManager.executeMojo(DefaultBuildPluginManager.java:126)
	at org.apache.maven.lifecycle.internal.MojoExecutor.doExecute2(MojoExecutor.java:342)
	at org.apache.maven.lifecycle.internal.MojoExecutor.doExecute(MojoExecutor.java:330)
	at org.apache.maven.lifecycle.internal.MojoExecutor.execute(MojoExecutor.java:213)
	at org.apache.maven.lifecycle.internal.MojoExecutor.execute(MojoExecutor.java:175)
	at org.apache.maven.lifecycle.internal.MojoExecutor.access$000(MojoExecutor.java:76)
	at org.apache.maven.lifecycle.internal.MojoExecutor$1.run(MojoExecutor.java:163)
	at org.apache.maven.plugin.DefaultMojosExecutionStrategy.execute(DefaultMojosExecutionStrategy.java:39)
	at org.apache.maven.lifecycle.internal.MojoExecutor.execute(MojoExecutor.java:160)
	at org.apache.maven.lifecycle.internal.LifecycleModuleBuilder.buildProject(LifecycleModuleBuilder.java:105)
	at org.apache.maven.lifecycle.internal.LifecycleModuleBuilder.buildProject(LifecycleModuleBuilder.java:73)
	at org.apache.maven.lifecycle.internal.builder.singlethreaded.SingleThreadedBuilder.build(SingleThreadedBuilder.java:53)
	at org.apache.maven.lifecycle.internal.LifecycleStarter.execute(LifecycleStarter.java:118)
	at org.apache.maven.DefaultMaven.doExecute(DefaultMaven.java:261)
	at org.apache.maven.DefaultMaven.doExecute(DefaultMaven.java:173)
	at org.apache.maven.DefaultMaven.execute(DefaultMaven.java:101)
	at org.apache.maven.cli.MavenCli.execute(MavenCli.java:827)
	at org.apache.maven.cli.MavenCli.doMain(MavenCli.java:272)
	at org.apache.maven.cli.MavenCli.main(MavenCli.java:195)
	at java.base/jdk.internal.reflect.DirectMethodHandleAccessor.invoke(DirectMethodHandleAccessor.java:104)
	at java.base/java.lang.reflect.Method.invoke(Method.java:578)
	at org.codehaus.plexus.classworlds.launcher.Launcher.launchEnhanced(Launcher.java:282)
	at org.codehaus.plexus.classworlds.launcher.Launcher.launch(Launcher.java:225)
	at org.codehaus.plexus.classworlds.launcher.Launcher.mainWithExitCode(Launcher.java:406)
	at org.codehaus.plexus.classworlds.launcher.Launcher.main(Launcher.java:347)
]]></failure>
    <system-out><![CDATA[Request method:	GET
Request URI:	https://nonprodqaapi.bidgely.com/oauth/token?grant_type=client_credentials&scope=all
Proxy:			<none>
Request params:	grant_type=client_credentials
				scope=all
Query params:	grant_type=client_credentials
				scope=all
Form params:	<none>
Path params:	<none>
Headers:		Accept=*/*
				Content-Type=application/json
Cookies:		<none>
Multiparts:		<none>
Body:			<none>
{
    "access_token": "7e163e0e-5f99-416b-bbbd-7b63402d67a1",
    "token_type": "bearer",
    "expires_in": 42461,
    "scope": "all",
    "url": "?uuid=all"
}
/var/folders/1h/99zc6wxn5wl5pgrr72fz1tvm0000gp/T/USERENROLL_D_6004010007085589822618238744.csv
Request method:	GET
Request URI:	https://nonprodqaapi.bidgely.com/v2.0/users/?partnerUserId=535909459
Proxy:			<none>
Request params:	<none>
Query params:	partnerUserId=535909459
Form params:	<none>
Path params:	<none>
Headers:		Authorization=Bearer7e163e0e-5f99-416b-bbbd-7b63402d67a1
				Accept=*/*
				Content-Type=application/json
Cookies:		<none>
Multiparts:		<none>
Body:			<none>
{
    "requestId": null,
    "payload": {
        "data": [
            {
                "uuid": "71692ff3-2c1a-4862-bafc-e67833459a24",
                "createdOn": 1683388488,
                "secondaryEmail": null,
                "firstName": "DP1278-test-484563881",
                "lastLogin": null,
                "lastModified": 1683388489,
                "lastAccessTimestamp": null,
                "lastName": "user",
                "locale": null,
                "partnerUserId": "535909459",
                "userUrl": null,
                "endPointsUrl": null,
                "pilotId": 10057,
                "roleId": "ROLE_USER",
                "status": "ENABLED",
                "userId": 0,
                "userName": "support+71692ff3-2c1a-4862-bafc-e67833459a24@bidgely.com",
                "homeAccounts": {
                    "address": "221B Baker Street",
                    "addressType": null,
                    "appliances": [
                        
                    ],
                    "city": "SAINT CHARLES",
                    "countryCode": "US",
                    "regionCode": null,
                    "locality": null,
                    "hasSolar": false,
                    "neighbourhoodId": 0,
                    "neighbourhoodType": 10057,
                    "numBedrooms": null,
                    "floors": null,
                    "numOccupants": 0,
                    "occupantType": null,
                    "ownershipType": null,
                    "phoneNumber": null,
                    "secondaryPhoneNumber": null,
                    "postalCode": "6883",
                    "propertyAgeType": null,
                    "propertyType": "Unknown",
                    "rate": {
                        "billCycleCode": null,
                        "billStart": 1,
                        "dailyUsageDownAlertPercent": 50.0,
                        "dailyUsageUpAlertPercent": 50.0,
                        "lseId": null,
                        "masterTariffId": null,
                        "planName": null,
                        "planNumber": -1,
                        "rate": 0.1,
                        "ratePlanId": null,
                        "rateQuery": null,
                        "rateType": "",
                        "ratePlanType": null,
                        "utilityId": 10057,
                        "utilityName": null,
                        "utilityPassword": null,
                        "utilityUserName": null
                    },
                    "showDevicePairing": false,
                    "billingSchedule": null,
                    "ratesSchedule": null,
                    "ratePlans": null,
                    "state": "MO",
                    "supplementaryNhoodIds": "",
                    "timeZone": "CST6CDT",
                    "spaceHeatingType": null,
                    "waterHeatingType": null,
                    "lastRawDataArchivedTS": 0,
                    "webDataFlowTimeStamp": null,
                    "mobileDataFlowTimeStamp": null,
                    "yearBuilt": null,
                    "profileValidSinceEpoch": null,
                    "budgetThresholdAmount": null,
                    "smartBudgetEnabled": null,
                    "lastStreamedBillProjection": null,
                    "businessName": null,
                    "userSegment": "RESIDENTIAL",
                    "userBusinessType": {
                        "businessType": null,
                        "providedBusinessType": null
                    },
                    "partnerProvidedUserBusinessType": null,
                    "userBusinessSubType": {
                        "businessSubType": null,
                        "providedBusinessSubType": null
                    },
                    "businessTimings": {
                        "businessDays": {
                            "MONDAY": {
                                "startHour": null,
                                "startMinute": null,
                                "endHour": null,
                                "endMinute": null,
                                "workingDay": false
                            },
                            "TUESDAY": {
                                "startHour": null,
                                "startMinute": null,
                                "endHour": null,
                                "endMinute": null,
                                "workingDay": false
                            },
                            "WEDNESDAY": {
                                "startHour": null,
                                "startMinute": null,
                                "endHour": null,
                                "endMinute": null,
                                "workingDay": false
                            },
                            "THURSDAY": {
                                "startHour": null,
                                "startMinute": null,
                                "endHour": null,
                                "endMinute": null,
                                "workingDay": false
                            },
                            "FRIDAY": {
                                "startHour": null,
                                "startMinute": null,
                                "endHour": null,
                                "endMinute": null,
                                "workingDay": false
                            },
                            "SATURDAY": {
                                "startHour": null,
                                "startMinute": null,
                                "endHour": null,
                                "endMinute": null,
                                "workingDay": false
                            },
                            "SUNDAY": {
                                "startHour": null,
                                "startMinute": null,
                                "endHour": null,
                                "endMinute": null,
                                "workingDay": false
                            }
                        }
                    },
                    "businessCode": null,
                    "premiseId": null,
                    "propertyArea": null,
                    "mailingAddress": "{\"addressLine1\":\"\",\"addressLine2\":\"\",\"city\":\"\",\"state\":\"\",\"zipcode\":\"\",\"context\":null}",
                    "addressMatchingThirdPartyData": null,
                    "s3FileDumpState": null
                },
                "attributes": null,
                "rolescope": null,
                "userTag": null,
                "notificationUserType": "OPT_OUT",
                "utilityTags": {
                    "account_number": "535909459",
                    "account_and_premise_number": "535909459:985637991",
                    "customer_id": "484563881"
                },
                "meterId": null,
                "userConsentStatus": "OBTAINED",
                "email": "moorthi+484563881@bidgely.com"
            }
        ],
        "facet": {
            "total": 1,
            "limit": 1,
            "offset": 1
        }
    },
    "error": null
}
Request method:	GET
Request URI:	https://nonprodqaapi.bidgely.com/entities/pilot/10057/configs/launchpad_ingestion_configs
Proxy:			<none>
Request params:	<none>
Query params:	<none>
Form params:	<none>
Path params:	pilotId=10057
Headers:		Authorization=Bearer7e163e0e-5f99-416b-bbbd-7b63402d67a1
				Accept=*/*
				Content-Type=application/json
Cookies:		<none>
Multiparts:		<none>
Body:			<none>
{
    "launchpad_ingestion_configs": "{\"kvs\":[{\"key\":\"invoice_data_consumption_storage_unit_map\",\"val\":\"{\\\"ELECTRIC\\\":\\\"kWh\\\",\\\"GAS\\\":\\\"kWh\\\",\\\"WATER\\\":\\\"CCF\\\"}\",\"version\":6,\"lastUpdatedTimestamp\":1612512420},{\"key\":\"create_bc_till_rawdata_endtime\",\"val\":\"false\",\"version\":4,\"lastUpdatedTimestamp\":1622446630},{\"key\":\"parser_time_zone\",\"val\":\"CST6CDT\",\"version\":1,\"lastUpdatedTimestamp\":1620372780},{\"key\":\"enable_multi_granularity_support\",\"val\":\"true\",\"version\":9,\"lastUpdatedTimestamp\":1646114217},{\"key\":\"invoice_data_date_type\",\"val\":\"DATE\",\"version\":1,\"lastUpdatedTimestamp\":1620372780},{\"key\":\"handle_meter_enrollment\",\"val\":\"true\",\"version\":1,\"lastUpdatedTimestamp\":1620372780},{\"key\":\"raw_data_granularity\",\"val\":\"900\",\"version\":1,\"lastUpdatedTimestamp\":1620372780},{\"key\":\"invoice_data_consumption_unit_map\",\"val\":\"{\\\"ELECTRIC\\\":\\\"kWh\\\",\\\"GAS\\\":\\\"CCF\\\"}\",\"version\":9,\"lastUpdatedTimestamp\":1646114217},{\"key\":\"partnerUserIdNewFormatEnabled\",\"val\":\"false\",\"version\":5,\"lastUpdatedTimestamp\":1616398311},{\"key\":\"block_raw_data_ingestion_for_inactive_users\",\"val\":\"false\",\"version\":5,\"lastUpdatedTimestamp\":1620647237},{\"key\":\"invoice_data_consumption_unit\",\"val\":\"kWh\",\"version\":10,\"lastUpdatedTimestamp\":1646114217},{\"key\":\"enable_same_meter_updation\",\"val\":\"false\",\"version\":10,\"lastUpdatedTimestamp\":1646114222},{\"key\":\"cluster_preference_delimiter\",\"val\":\"\\\\|\",\"version\":5,\"lastUpdatedTimestamp\":1658228059},{\"key\":\"utility_name\",\"val\":\"AMEREN\",\"version\":1,\"lastUpdatedTimestamp\":1620372780},{\"key\":\"raw_data_consumption_unit_map\",\"val\":\"{\\\"ELECTRIC\\\":\\\"kWh\\\",\\\"GAS\\\":\\\"CCF\\\"}\",\"version\":9,\"lastUpdatedTimestamp\":1646114217},{\"key\":\"isEndDateInclusive\",\"val\":\"false\",\"version\":2,\"lastUpdatedTimestamp\":1620373366},{\"key\":\"raw_data_consumption_unit\",\"val\":\"KWh\",\"version\":1,\"lastUpdatedTimestamp\":1620372780},{\"key\":\"bidgely_identifier_format\",\"val\":\"version2\",\"version\":1,\"lastUpdatedTimestamp\":1620372780},{\"key\":\"program_part_date_format\",\"val\":\"yyyy-MM-dd\",\"version\":5,\"lastUpdatedTimestamp\":1587394456},{\"key\":\"user_creation_country\",\"val\":\"US\",\"version\":1,\"lastUpdatedTimestamp\":1620372780},{\"key\":\"default_user_consent_status\",\"val\":\"OBTAINED\",\"version\":9,\"lastUpdatedTimestamp\":1601358146},{\"key\":\"block_billing_data_ingestion_for_inactive_users\",\"val\":\"false\",\"version\":18,\"lastUpdatedTimestamp\":1652103814},{\"key\":\"invoice_parser_delimiter\",\"val\":\"\\\\|\",\"version\":1,\"lastUpdatedTimestamp\":1620372780},{\"key\":\"bc_schedule_date_format\",\"val\":\"yyyy-MM-dd\",\"version\":4,\"lastUpdatedTimestamp\":1620641458},{\"key\":\"raw_data_date_type\",\"val\":\"TIMESTAMP\",\"version\":2,\"lastUpdatedTimestamp\":1620372780},{\"key\":\"handleBCTransition\",\"val\":\"true\",\"version\":1,\"lastUpdatedTimestamp\":1620372780},{\"key\":\"program_part_delimiter\",\"val\":\"\\\\|\",\"version\":5,\"lastUpdatedTimestamp\":1587394456},{\"key\":\"default_user_segment\",\"val\":\"RESIDENTIAL\",\"version\":10,\"lastUpdatedTimestamp\":1601358146},{\"key\":\"rawDataDateFormat\",\"val\":\"\"},{\"key\":\"default_invoice_code\",\"val\":\"CHANGING_BILL_CYCLE_AND_CHANGING_CONSUMPTION\",\"version\":2,\"lastUpdatedTimestamp\":1620373366},{\"key\":\"user_creation_parser_delimiter\",\"val\":\"\\\\|\",\"version\":1,\"lastUpdatedTimestamp\":1620372780},{\"key\":\"bc_schedule_parser_delimiter\",\"val\":\"\\\\|\",\"version\":1,\"lastUpdatedTimestamp\":1620372780},{\"key\":\"supported_meter_types\",\"val\":\"[\\\"AMI\\\",\\\"AMR\\\"]\",\"version\":1,\"lastUpdatedTimestamp\":1620372780},{\"key\":\"invoice_data_date_format\",\"val\":\"yyyy-MM-dd\",\"version\":1,\"lastUpdatedTimestamp\":1620372780},{\"key\":\"user_enrollment_date_format\",\"val\":\"yyyy-MM-dd\",\"version\":1,\"lastUpdatedTimestamp\":1620372780},{\"key\":\"raw_data_date_format\",\"val\":\"yyyy-MM-dd\",\"version\":1,\"lastUpdatedTimestamp\":1620372780},{\"key\":\"handleRateTransition\",\"val\":\"true\",\"version\":1,\"lastUpdatedTimestamp\":1620372780},{\"key\":\"defaultNotificationUserType\",\"val\":\"OPT_OUT\",\"version\":7,\"lastUpdatedTimestamp\":1626693744},{\"key\":\"raw_data_time_unit\",\"val\":\"S\",\"version\":1,\"lastUpdatedTimestamp\":1620372780},{\"key\":\"user_preference_delimiter\",\"val\":\"\\\\|\",\"version\":8,\"lastUpdatedTimestamp\":1626693754},{\"key\":\"raw_data_parser_delimiter\",\"val\":\"\\\\|\",\"version\":1,\"lastUpdatedTimestamp\":1620372780},{\"key\":\"is_raw_data_timestamp_in_utc\",\"val\":\"true\",\"version\":1,\"lastUpdatedTimestamp\":1620373366}]}"
}
{"kvs":[{"key":"invoice_data_consumption_storage_unit_map","val":"{\"ELECTRIC\":\"kWh\",\"GAS\":\"kWh\",\"WATER\":\"CCF\"}","version":6,"lastUpdatedTimestamp":1612512420},{"key":"create_bc_till_rawdata_endtime","val":"false","version":4,"lastUpdatedTimestamp":1622446630},{"key":"parser_time_zone","val":"CST6CDT","version":1,"lastUpdatedTimestamp":1620372780},{"key":"enable_multi_granularity_support","val":"true","version":9,"lastUpdatedTimestamp":1646114217},{"key":"invoice_data_date_type","val":"DATE","version":1,"lastUpdatedTimestamp":1620372780},{"key":"handle_meter_enrollment","val":"true","version":1,"lastUpdatedTimestamp":1620372780},{"key":"raw_data_granularity","val":"900","version":1,"lastUpdatedTimestamp":1620372780},{"key":"invoice_data_consumption_unit_map","val":"{\"ELECTRIC\":\"kWh\",\"GAS\":\"CCF\"}","version":9,"lastUpdatedTimestamp":1646114217},{"key":"partnerUserIdNewFormatEnabled","val":"false","version":5,"lastUpdatedTimestamp":1616398311},{"key":"block_raw_data_ingestion_for_inactive_users","val":"false","version":5,"lastUpdatedTimestamp":1620647237},{"key":"invoice_data_consumption_unit","val":"kWh","version":10,"lastUpdatedTimestamp":1646114217},{"key":"enable_same_meter_updation","val":"false","version":10,"lastUpdatedTimestamp":1646114222},{"key":"cluster_preference_delimiter","val":"|","version":5,"lastUpdatedTimestamp":1658228059},{"key":"utility_name","val":"AMEREN","version":1,"lastUpdatedTimestamp":1620372780},{"key":"raw_data_consumption_unit_map","val":"{\"ELECTRIC\":\"kWh\",\"GAS\":\"CCF\"}","version":9,"lastUpdatedTimestamp":1646114217},{"key":"isEndDateInclusive","val":"false","version":2,"lastUpdatedTimestamp":1620373366},{"key":"raw_data_consumption_unit","val":"KWh","version":1,"lastUpdatedTimestamp":1620372780},{"key":"bidgely_identifier_format","val":"version2","version":1,"lastUpdatedTimestamp":1620372780},{"key":"program_part_date_format","val":"yyyy-MM-dd","version":5,"lastUpdatedTimestamp":1587394456},{"key":"user_creation_country","val":"US","version":1,"lastUpdatedTimestamp":1620372780},{"key":"default_user_consent_status","val":"OBTAINED","version":9,"lastUpdatedTimestamp":1601358146},{"key":"block_billing_data_ingestion_for_inactive_users","val":"false","version":18,"lastUpdatedTimestamp":1652103814},{"key":"invoice_parser_delimiter","val":"|","version":1,"lastUpdatedTimestamp":1620372780},{"key":"bc_schedule_date_format","val":"yyyy-MM-dd","version":4,"lastUpdatedTimestamp":1620641458},{"key":"raw_data_date_type","val":"TIMESTAMP","version":2,"lastUpdatedTimestamp":1620372780},{"key":"handleBCTransition","val":"true","version":1,"lastUpdatedTimestamp":1620372780},{"key":"program_part_delimiter","val":"|","version":5,"lastUpdatedTimestamp":1587394456},{"key":"default_user_segment","val":"RESIDENTIAL","version":10,"lastUpdatedTimestamp":1601358146},{"key":"rawDataDateFormat","val":""},{"key":"default_invoice_code","val":"CHANGING_BILL_CYCLE_AND_CHANGING_CONSUMPTION","version":2,"lastUpdatedTimestamp":1620373366},{"key":"user_creation_parser_delimiter","val":"|","version":1,"lastUpdatedTimestamp":1620372780},{"key":"bc_schedule_parser_delimiter","val":"|","version":1,"lastUpdatedTimestamp":1620372780},{"key":"supported_meter_types","val":"[\"AMI\",\"AMR\"]","version":1,"lastUpdatedTimestamp":1620372780},{"key":"invoice_data_date_format","val":"yyyy-MM-dd","version":1,"lastUpdatedTimestamp":1620372780},{"key":"user_enrollment_date_format","val":"yyyy-MM-dd","version":1,"lastUpdatedTimestamp":1620372780},{"key":"raw_data_date_format","val":"yyyy-MM-dd","version":1,"lastUpdatedTimestamp":1620372780},{"key":"handleRateTransition","val":"true","version":1,"lastUpdatedTimestamp":1620372780},{"key":"defaultNotificationUserType","val":"OPT_OUT","version":7,"lastUpdatedTimestamp":1626693744},{"key":"raw_data_time_unit","val":"S","version":1,"lastUpdatedTimestamp":1620372780},{"key":"user_preference_delimiter","val":"|","version":8,"lastUpdatedTimestamp":1626693754},{"key":"raw_data_parser_delimiter","val":"|","version":1,"lastUpdatedTimestamp":1620372780},{"key":"is_raw_data_timestamp_in_utc","val":"true","version":1,"lastUpdatedTimestamp":1620373366}]}
Request method:	GET
Request URI:	https://nonprodqaapi.bidgely.com/v2.0/users/71692ff3-2c1a-4862-bafc-e67833459a24
Proxy:			<none>
Request params:	<none>
Query params:	<none>
Form params:	<none>
Path params:	uuid=71692ff3-2c1a-4862-bafc-e67833459a24
Headers:		Authorization=Bearer7e163e0e-5f99-416b-bbbd-7b63402d67a1
				Accept=*/*
				Content-Type=application/json
Cookies:		<none>
Multiparts:		<none>
Body:			<none>
{
    "requestId": "02ea917d-b92a-4c3b-965f-9edbcc878416",
    "payload": {
        "uuid": "71692ff3-2c1a-4862-bafc-e67833459a24",
        "createdOn": 1683388488,
        "secondaryEmail": null,
        "firstName": "DP1278-test-484563881",
        "lastLogin": 0,
        "lastModified": 1683388489,
        "lastAccessTimestamp": 0,
        "lastName": "user",
        "locale": null,
        "partnerUserId": "535909459",
        "userUrl": "https://nonprodqaapi.bidgely.com/v2.0/users/71692ff3-2c1a-4862-bafc-e67833459a24",
        "endPointsUrl": "https://nonprodqaapi.bidgely.com/v2.0/users/71692ff3-2c1a-4862-bafc-e67833459a24/endpoints",
        "pilotId": 10057,
        "roleId": "ROLE_USER",
        "status": "ENABLED",
        "userId": 0,
        "userName": "support+71692ff3-2c1a-4862-bafc-e67833459a24@bidgely.com",
        "homeAccounts": {
            "address": "221B Baker Street",
            "addressType": null,
            "appliances": null,
            "city": "SAINT CHARLES",
            "countryCode": "US",
            "regionCode": null,
            "locality": null,
            "hasSolar": false,
            "neighbourhoodId": 0,
            "neighbourhoodType": 10057,
            "numBedrooms": null,
            "floors": null,
            "numOccupants": 0,
            "occupantType": null,
            "ownershipType": null,
            "phoneNumber": null,
            "secondaryPhoneNumber": null,
            "postalCode": "6883",
            "propertyAgeType": null,
            "propertyType": "Unknown",
            "rate": {
                "billCycleCode": null,
                "billStart": 1,
                "dailyUsageDownAlertPercent": 50.0,
                "dailyUsageUpAlertPercent": 50.0,
                "lseId": null,
                "masterTariffId": null,
                "planName": null,
                "planNumber": -1,
                "rate": 0.1,
                "ratePlanId": null,
                "rateQuery": null,
                "rateType": "",
                "ratePlanType": null,
                "utilityId": 10057,
                "utilityName": null,
                "utilityPassword": null,
                "utilityUserName": null
            },
            "showDevicePairing": false,
            "billingSchedule": null,
            "ratesSchedule": null,
            "ratePlans": null,
            "state": "MO",
            "supplementaryNhoodIds": "",
            "timeZone": "CST6CDT",
            "spaceHeatingType": null,
            "waterHeatingType": null,
            "lastRawDataArchivedTS": 0,
            "webDataFlowTimeStamp": null,
            "mobileDataFlowTimeStamp": null,
            "yearBuilt": null,
            "profileValidSinceEpoch": null,
            "budgetThresholdAmount": null,
            "smartBudgetEnabled": null,
            "lastStreamedBillProjection": null,
            "businessName": null,
            "userSegment": "RESIDENTIAL",
            "userBusinessType": {
                "businessType": null,
                "providedBusinessType": null
            },
            "partnerProvidedUserBusinessType": null,
            "userBusinessSubType": {
                "businessSubType": null,
                "providedBusinessSubType": null
            },
            "businessTimings": {
                "businessDays": {
                    "MONDAY": {
                        "startHour": null,
                        "startMinute": null,
                        "endHour": null,
                        "endMinute": null,
                        "workingDay": false
                    },
                    "TUESDAY": {
                        "startHour": null,
                        "startMinute": null,
                        "endHour": null,
                        "endMinute": null,
                        "workingDay": false
                    },
                    "WEDNESDAY": {
                        "startHour": null,
                        "startMinute": null,
                        "endHour": null,
                        "endMinute": null,
                        "workingDay": false
                    },
                    "THURSDAY": {
                        "startHour": null,
                        "startMinute": null,
                        "endHour": null,
                        "endMinute": null,
                        "workingDay": false
                    },
                    "FRIDAY": {
                        "startHour": null,
                        "startMinute": null,
                        "endHour": null,
                        "endMinute": null,
                        "workingDay": false
                    },
                    "SATURDAY": {
                        "startHour": null,
                        "startMinute": null,
                        "endHour": null,
                        "endMinute": null,
                        "workingDay": false
                    },
                    "SUNDAY": {
                        "startHour": null,
                        "startMinute": null,
                        "endHour": null,
                        "endMinute": null,
                        "workingDay": false
                    }
                }
            },
            "businessCode": null,
            "premiseId": null,
            "propertyArea": null,
            "mailingAddress": "{\"addressLine1\":\"\",\"addressLine2\":\"\",\"city\":\"\",\"state\":\"\",\"zipcode\":\"\",\"context\":null}",
            "addressMatchingThirdPartyData": null,
            "s3FileDumpState": null
        },
        "attributes": null,
        "rolescope": null,
        "userTag": null,
        "notificationUserType": "OPT_OUT",
        "utilityTags": {
            "account_number": "535909459",
            "account_and_premise_number": "535909459:985637991",
            "customer_id": "484563881"
        },
        "meterId": null,
        "userConsentStatus": "OBTAINED",
        "email": "moorthi+484563881@bidgely.com"
    },
    "error": null
}
]]></system-out>
  </testcase>
  <testcase name="testFireHose" classname="Ingestion.UserIngestion" time="5.655">
    <failure message="class org.apache.spark.storage.StorageUtils$ (in unnamed module @0x7c6f91d2) cannot access class sun.nio.ch.DirectBuffer (in module java.base) because module java.base does not export sun.nio.ch to unnamed module @0x7c6f91d2" type="java.lang.IllegalAccessError"><![CDATA[java.lang.IllegalAccessError: class org.apache.spark.storage.StorageUtils$ (in unnamed module @0x7c6f91d2) cannot access class sun.nio.ch.DirectBuffer (in module java.base) because module java.base does not export sun.nio.ch to unnamed module @0x7c6f91d2
	at org.apache.spark.storage.StorageUtils$.<clinit>(StorageUtils.scala:213)
	at org.apache.spark.storage.BlockManagerMasterEndpoint.<init>(BlockManagerMasterEndpoint.scala:114)
	at org.apache.spark.SparkEnv$.$anonfun$create$9(SparkEnv.scala:358)
	at org.apache.spark.SparkEnv$.registerOrLookupEndpoint$1(SparkEnv.scala:295)
	at org.apache.spark.SparkEnv$.create(SparkEnv.scala:344)
	at org.apache.spark.SparkEnv$.createDriverEnv(SparkEnv.scala:196)
	at org.apache.spark.SparkContext.createSparkEnv(SparkContext.scala:279)
	at org.apache.spark.SparkContext.<init>(SparkContext.scala:464)
	at org.apache.spark.SparkContext$.getOrCreate(SparkContext.scala:2740)
	at org.apache.spark.sql.SparkSession$Builder.$anonfun$getOrCreate$2(SparkSession.scala:1026)
	at scala.Option.getOrElse(Option.scala:201)
	at org.apache.spark.sql.SparkSession$Builder.getOrCreate(SparkSession.scala:1020)
	at Ingestion.UserIngestion.testFireHose(UserIngestion.java:149)
	at java.base/jdk.internal.reflect.DirectMethodHandleAccessor.invoke(DirectMethodHandleAccessor.java:104)
	at java.base/java.lang.reflect.Method.invoke(Method.java:578)
	at org.testng.internal.invokers.MethodInvocationHelper.invokeMethod(MethodInvocationHelper.java:139)
	at org.testng.internal.invokers.TestInvoker.invokeMethod(TestInvoker.java:677)
	at org.testng.internal.invokers.TestInvoker.invokeTestMethod(TestInvoker.java:221)
	at org.testng.internal.invokers.MethodRunner.runInSequence(MethodRunner.java:50)
	at org.testng.internal.invokers.TestInvoker$MethodInvocationAgent.invoke(TestInvoker.java:969)
	at org.testng.internal.invokers.TestInvoker.invokeTestMethods(TestInvoker.java:194)
	at org.testng.internal.invokers.TestMethodWorker.invokeTestMethods(TestMethodWorker.java:148)
	at org.testng.internal.invokers.TestMethodWorker.run(TestMethodWorker.java:128)
	at java.base/java.util.ArrayList.forEach(ArrayList.java:1511)
	at org.testng.TestRunner.privateRun(TestRunner.java:829)
	at org.testng.TestRunner.run(TestRunner.java:602)
	at org.testng.SuiteRunner.runTest(SuiteRunner.java:437)
	at org.testng.SuiteRunner.runSequentially(SuiteRunner.java:431)
	at org.testng.SuiteRunner.privateRun(SuiteRunner.java:391)
	at org.testng.SuiteRunner.run(SuiteRunner.java:330)
	at org.testng.SuiteRunnerWorker.runSuite(SuiteRunnerWorker.java:52)
	at org.testng.SuiteRunnerWorker.run(SuiteRunnerWorker.java:95)
	at org.testng.TestNG.runSuitesSequentially(TestNG.java:1256)
	at org.testng.TestNG.runSuitesLocally(TestNG.java:1176)
	at org.testng.TestNG.runSuites(TestNG.java:1099)
	at org.testng.TestNG.run(TestNG.java:1067)
	at org.apache.maven.surefire.testng.TestNGExecutor.run(TestNGExecutor.java:324)
	at org.apache.maven.surefire.testng.TestNGXmlTestSuite.execute(TestNGXmlTestSuite.java:74)
	at org.apache.maven.surefire.testng.TestNGProvider.invoke(TestNGProvider.java:123)
	at java.base/jdk.internal.reflect.DirectMethodHandleAccessor.invoke(DirectMethodHandleAccessor.java:104)
	at java.base/java.lang.reflect.Method.invoke(Method.java:578)
	at org.apache.maven.surefire.api.util.ReflectionUtils.invokeMethodWithArray2(ReflectionUtils.java:183)
	at org.apache.maven.surefire.booter.ProviderFactory$ProviderProxy.invoke(ProviderFactory.java:161)
	at org.apache.maven.surefire.booter.ProviderFactory.invokeProvider(ProviderFactory.java:85)
	at org.apache.maven.plugin.surefire.InPluginVMSurefireStarter.runSuitesInProcess(InPluginVMSurefireStarter.java:92)
	at org.apache.maven.plugin.surefire.AbstractSurefireMojo.executeProvider(AbstractSurefireMojo.java:1310)
	at org.apache.maven.plugin.surefire.AbstractSurefireMojo.executeAfterPreconditionsChecked(AbstractSurefireMojo.java:1167)
	at org.apache.maven.plugin.surefire.AbstractSurefireMojo.execute(AbstractSurefireMojo.java:931)
	at org.apache.maven.plugin.DefaultBuildPluginManager.executeMojo(DefaultBuildPluginManager.java:126)
	at org.apache.maven.lifecycle.internal.MojoExecutor.doExecute2(MojoExecutor.java:342)
	at org.apache.maven.lifecycle.internal.MojoExecutor.doExecute(MojoExecutor.java:330)
	at org.apache.maven.lifecycle.internal.MojoExecutor.execute(MojoExecutor.java:213)
	at org.apache.maven.lifecycle.internal.MojoExecutor.execute(MojoExecutor.java:175)
	at org.apache.maven.lifecycle.internal.MojoExecutor.access$000(MojoExecutor.java:76)
	at org.apache.maven.lifecycle.internal.MojoExecutor$1.run(MojoExecutor.java:163)
	at org.apache.maven.plugin.DefaultMojosExecutionStrategy.execute(DefaultMojosExecutionStrategy.java:39)
	at org.apache.maven.lifecycle.internal.MojoExecutor.execute(MojoExecutor.java:160)
	at org.apache.maven.lifecycle.internal.LifecycleModuleBuilder.buildProject(LifecycleModuleBuilder.java:105)
	at org.apache.maven.lifecycle.internal.LifecycleModuleBuilder.buildProject(LifecycleModuleBuilder.java:73)
	at org.apache.maven.lifecycle.internal.builder.singlethreaded.SingleThreadedBuilder.build(SingleThreadedBuilder.java:53)
	at org.apache.maven.lifecycle.internal.LifecycleStarter.execute(LifecycleStarter.java:118)
	at org.apache.maven.DefaultMaven.doExecute(DefaultMaven.java:261)
	at org.apache.maven.DefaultMaven.doExecute(DefaultMaven.java:173)
	at org.apache.maven.DefaultMaven.execute(DefaultMaven.java:101)
	at org.apache.maven.cli.MavenCli.execute(MavenCli.java:827)
	at org.apache.maven.cli.MavenCli.doMain(MavenCli.java:272)
	at org.apache.maven.cli.MavenCli.main(MavenCli.java:195)
	at java.base/jdk.internal.reflect.DirectMethodHandleAccessor.invoke(DirectMethodHandleAccessor.java:104)
	at java.base/java.lang.reflect.Method.invoke(Method.java:578)
	at org.codehaus.plexus.classworlds.launcher.Launcher.launchEnhanced(Launcher.java:282)
	at org.codehaus.plexus.classworlds.launcher.Launcher.launch(Launcher.java:225)
	at org.codehaus.plexus.classworlds.launcher.Launcher.mainWithExitCode(Launcher.java:406)
	at org.codehaus.plexus.classworlds.launcher.Launcher.main(Launcher.java:347)
]]></failure>
    <system-out><![CDATA[Request method:	GET
Request URI:	https://nonprodqaapi.bidgely.com/oauth/token?grant_type=client_credentials&scope=all
Proxy:			<none>
Request params:	grant_type=client_credentials
				scope=all
Query params:	grant_type=client_credentials
				scope=all
Form params:	<none>
Path params:	<none>
Headers:		Accept=*/*
				Content-Type=application/json
Cookies:		<none>
Multiparts:		<none>
Body:			<none>
{
    "access_token": "7e163e0e-5f99-416b-bbbd-7b63402d67a1",
    "token_type": "bearer",
    "expires_in": 42444,
    "scope": "all",
    "url": "?uuid=all"
}
]]></system-out>
    <system-err><![CDATA[Using Spark's default log4j profile: org/apache/spark/log4j2-defaults.properties
23/05/06 21:25:07 INFO SparkContext: Running Spark version 3.4.0
23/05/06 21:25:07 WARN NativeCodeLoader: Unable to load native-hadoop library for your platform... using builtin-java classes where applicable
23/05/06 21:25:07 INFO ResourceUtils: ==============================================================
23/05/06 21:25:07 INFO ResourceUtils: No custom resources configured for spark.driver.
23/05/06 21:25:07 INFO ResourceUtils: ==============================================================
23/05/06 21:25:07 INFO SparkContext: Submitted application: My Application
23/05/06 21:25:07 INFO ResourceProfile: Default ResourceProfile created, executor resources: Map(cores -> name: cores, amount: 1, script: , vendor: , memory -> name: memory, amount: 1024, script: , vendor: , offHeap -> name: offHeap, amount: 0, script: , vendor: ), task resources: Map(cpus -> name: cpus, amount: 1.0)
23/05/06 21:25:07 INFO ResourceProfile: Limiting resource is cpu
23/05/06 21:25:07 INFO ResourceProfileManager: Added ResourceProfile id: 0
23/05/06 21:25:07 INFO SecurityManager: Changing view acls to: rohitjain
23/05/06 21:25:07 INFO SecurityManager: Changing modify acls to: rohitjain
23/05/06 21:25:07 INFO SecurityManager: Changing view acls groups to: 
23/05/06 21:25:07 INFO SecurityManager: Changing modify acls groups to: 
23/05/06 21:25:07 INFO SecurityManager: SecurityManager: authentication disabled; ui acls disabled; users with view permissions: rohitjain; groups with view permissions: EMPTY; users with modify permissions: rohitjain; groups with modify permissions: EMPTY
23/05/06 21:25:07 INFO Utils: Successfully started service 'sparkDriver' on port 57940.
23/05/06 21:25:07 INFO SparkEnv: Registering MapOutputTracker
23/05/06 21:25:07 INFO SparkEnv: Registering BlockManagerMaster
23/05/06 21:25:07 INFO BlockManagerMasterEndpoint: Using org.apache.spark.storage.DefaultTopologyMapper for getting topology information
23/05/06 21:25:07 INFO BlockManagerMasterEndpoint: BlockManagerMasterEndpoint up
]]></system-err>
  </testcase>
</testsuite>