<?xml version="1.0" encoding="UTF-8"?>
<!-- Generated by org.testng.reporters.JUnitReportReporter -->
<testsuite hostname="Admins-MacBook-Pro.local" failures="0" tests="2" name="Ingestion.UserIngestion" time="23.261" errors="0" timestamp="2023-05-03T11:14:41 IST" skipped="1">
  <testcase classname="Ingestion.UserIngestion" name="testFireHose" time="23.261"/>
  <testcase classname="Ingestion.UserIngestion" name="fileIngestion">
    <skipped/>
  </testcase> <!-- fileIngestion -->
</testsuite> <!-- Ingestion.UserIngestion -->
