<?xml version="1.0" encoding="UTF-8"?>
<!-- Generated by org.testng.reporters.JUnitReportReporter -->
<testsuite hostname="Admins-MacBook-Pro.local" failures="0" tests="1" name="Ingestion.UserIngestion" time="67.256" errors="0" timestamp="2023-05-06T21:13:36 IST" skipped="0">
  <testcase classname="Ingestion.UserIngestion" name="testFireHose" time="67.256"/>
  <system-out/>
</testsuite> <!-- Ingestion.UserIngestion -->
